dt-12537b84df9046a1a6f633d4d81342a1-worker-3f222fcf439a-0:80:80 [3] NCCL INFO cudaDriverVersion 12020
dt-12537b84df9046a1a6f633d4d81342a1-worker-3f222fcf439a-0:80:80 [3] NCCL INFO Bootstrap : Using eth0:10.222.10.245<0>
dt-12537b84df9046a1a6f633d4d81342a1-worker-3f222fcf439a-0:80:80 [3] NCCL INFO NET/Plugin : dlerror=libnccl-net.so: cannot open shared object file: No such file or directory No plugin found (libnccl-net.so), using internal implementation
dt-12537b84df9046a1a6f633d4d81342a1-worker-3f222fcf439a-0:80:664 [3] NCCL INFO NCCL_IB_DISABLE set by environment to 0.

dt-12537b84df9046a1a6f633d4d81342a1-worker-3f222fcf439a-0:80:664 [3] misc/ibvwrap.cc:113 NCCL WARN Call to ibv_open_device failed

dt-12537b84df9046a1a6f633d4d81342a1-worker-3f222fcf439a-0:80:664 [3] transport/net_ib.cc:219 NCCL WARN NET/IB : Unable to open device mlx5_bond_0
dt-12537b84df9046a1a6f633d4d81342a1-worker-3f222fcf439a-0:80:664 [3] NCCL INFO NET/IB : Using [0]mlx5_2:1/IB [1]mlx5_0:1/IB [2]mlx5_9:1/IB [3]mlx5_7:1/IB [4]mlx5_3:1/IB [5]mlx5_1:1/IB [6]mlx5_8:1/IB [7]mlx5_6:1/IB ; OOB eth0:10.222.10.245<0>
dt-12537b84df9046a1a6f633d4d81342a1-worker-3f222fcf439a-0:80:664 [3] NCCL INFO Using non-device net plugin version 0
dt-12537b84df9046a1a6f633d4d81342a1-worker-3f222fcf439a-0:80:664 [3] NCCL INFO Using network IB
dt-12537b84df9046a1a6f633d4d81342a1-worker-3f222fcf439a-0:83:644 [6] NCCL INFO comm 0x555d3db31dd0 rank 14 nranks 16 cudaDev 6 nvmlDev 6 busId d0000 commId 0x95fd5d84b4cd79ae - Init STARTdt-12537b84df9046a1a6f633d4d81342a1-worker-3f222fcf439a-0:78:653 [1] NCCL INFO NCCL_PXN_DISABLE set by environment to 1.
dt-12537b84df9046a1a6f633d4d81342a1-worker-3f222fcf439a-0:78:653 [1] NCCL INFO Setting affinity for GPU 1 to 0fffff,ff000000,0fffffff
dt-12537b84df9046a1a6f633d4d81342a1-worker-3f222fcf439a-0:78:653 [1] NCCL INFO NVLS multicast support is not available on dev 1
ddt-1253dt-12537b84df9046a1a6f633d4d81342a1-worker-3f222fcf439a-0:84:655 [7] NCCL INFO comm 0x563299398d80 rank 15 nRanks 16 nNodes 2 localRanks 8 localRank 7 MNNVL 0
dt-12537b84df9046a1a6f633d4d81342a1-worker-3f222fcf439a-0:84:655 [7] NCCL INFO Trees [0] -1/-1/-1->15->14 [1] 14/-1/-1->15->8 [2] 8/-1/-1->15->14 [3] 14/-1/-1->15->8 [4] 8/-1/-1->15->14 [5] 14/-1/-1->15->8 [6] 8/-1/-1->15->14 [7] 14/-1/-1->15->7 [8] -1/-1/-1->15->14 [9] 14/-1/-1->15->8 [10] 8/-1/-1->15->14 [11] 14/-1/-1->15->8 [12] 8/-1/-1->15->14 [13] 14/-1/-1->15->8 [14] 8/-1/-1->15->14 [15] 14/7/-1->15->-1
dt-12537b84df9046a1a6f633d4d81342a1-worker-3f222fcf439a-0:84:655 [7] NCCL INFOdt-12537b84df9046a1a6f633d4d8dt-12537b84df9046a1a6f633d4d81342a1-worker-3f222fcf439a-0:84:655 [7] NCCL INFO Channel 06/0 : 15[7] -> 6[6] [send] via NET/IB/6/GDRDMA
dt-12537b84df9046a1a6f633d4d81342a1-worker-3f222fcf439a-0:84:655 [7] NCCL INFO Channel 14/0 : 15[7] -> 6[6] [send] via NET/IB/6/GDRDMA
dt-12537b84df9046a1a6f633d4d81342a1-worker-3f222fcf439a-0:84:655 [7] NCCL INFO Channel 07/0 : 6[6] -> 15[7] [receive] via NET/IB/2/GDRDMA
dt-12537b84df9046a1a6f633d4d81342a1-worker-3f222fcf439a-0:84:655 [7] NCCL INFO Channel 15/0 : 6[6] -> 15[7] [receive] via NET/IB/2/GDRDMA
dt-12537b84df9046a1a6f633d4d81342a1-worker-3f222fcf439a-0:84:655 [7] NCCL INFO Channel 01/0 : 15[7] -> 8[0] via P2P/CUMEM/read
dt-12537b84df9046a1a6f633d4d81342a1-worker-3f222fcf439a-0:84:655 [7] NCCL INFO Channel 03/0 : 15[7] -> 8[0] via P2P/CUMEM/read
dt-12537b84df9046a1a6f633d4d81342a1-worker-3f222fcf439a-0:84:655 [7] NCCL INFO Channel 05/0 : 15[7] -> 8[0] via P2P/CUMEM/read
dt-12537b84df9046a1a6f633d4d81342a1-worker-3f222fcf439a-0:84:655 [7] NCCL INFO Channel 07/0 : 15[7] -> 8[0] vidt-12537b84df9046a1a6f633d4d81342a1-worker-3f222fcf439a-0:79:654 [2] NCCL INFO Channel 03/0 : 10[2] -> 3[3] [send] via NET/IB/4/GDRDMA
dt-12537b84df9046a1a6f633d4d81342a1-worker-3f222fcf439a-0:79:654 [2] NCCL INFO Channel 11/0 : 10[2] -> 3[3] [send] via NET/IB/4/GDRDMA
dt-12537b84df9046a1a6f633d4d81342a1-worker-3f222fcf439a-0:79:654 [2] NCCL INFO Channel 00/0 : 10[2] -> 9[1] via P2P/CUMEM/read
dt-12537b84df9046a1a6f633d4d81342a1-worker-3f222fcf439a-0:79:654 [2] NCCL INFO Channel 02/0 : 10[2] -> 9[1] via P2P/CUMEM/read
dt-12537b84df9046a1a6dt-12537b84df9046a1a6f633d4d81342a1-worker-3f222fcf439a-0:82:643 [5] NCCL INFO Channel 00/0 : 13[5] -> 12[4] via P2P/CUMEM/read
dt-12537b84df9046a1a6f633d4d81342a1-worker-3f222fcf439a-0:82:643 [5] NCCL INFO Channel 02/0 : 13[5] -> 12[4] via P2P/CUMEM/read
dt-12537b84df9046a1a6f633d4d81342a1-worker-3f222fcf439a-0:82:643 [5] NCCL INFO Channel 06/0 : 13[5] -> 12[4] via P2P/CUMEM/read
dt-12537b84df9046a1a6f633d4d81342a1-worker-3f222fcf439a-0:82:643 [5] NCCL INFO Channel 08/0 : 13[5] -> 12[4] via P2P/CUMEM/read
dt-12537b84df9046a1a6f633d4d81342a1-worker-3f222fcf439a-0:82:643 [5] NCCL INFO Channel 10/0 : 13[5] -> 12[4] via P2P/CUMEM/read
dt-12537b84df9046a1a6f633d4d81342a1-worker-3f222fcf439a-0:82:64dt-12537b84df9046a1a6f633d4d81342a1-worker-3f222fcf439a-0:dt-1253dt-12537b84df9046a1a6f633d4d81342a1-worker-3f222fcf439a-0:82:726 [5] NCCL INFO NCCL_IB_GID_INDEX set by environment to 3.
dt-12537b84df9046a1a6f633d4d81342a1-worker-3f222fcf439a-0:82:726 [5] NCCL INFO NCCL_IB_TIMEOUT set by environment to 22.
dt-12537b84df9046a1a6f633d4d81342a1-worker-3f222fcf439a-0:dt-12537b84df9046a1a6f633d4d81342a1-worker-3fdt-12537b84df9046a1adt-12537b84df9046a1a6f633d4d81342adt-12537b84df9046a1a6f633d4d81342a1-worker-3fdt-12537b84df9046a1a6f633d4d81342a1-worker-3f222fcf439a-0:84:655 [7] NCCL INFO Channel 07/0 : 7[7] -> 15[7] [receive] via NET/IB/2/GDRDMA
dt-12537b84df9046a1a6f633d4d81342a1-worker-3f222fcf439a-0:84:655 [7] NCCL INFO Channel 15/0 : 7[7] -> 15[7] [receive] via NET/IB/2/GDRDMA
dt-12537b84df9046a1a6f633d4d81342a1-worker-3f222fcf439a-0:84:655 [7] NCCL INFO Channel 07/0 : 15[7] -> 7[7] [send] via NET/IB/2/GDRDMA
dt-12537b84df9046a1a6f633d4d81342a1-worker-3f222fcf439a-0:84:655 [7] NCCL INFO Channel 15/0 : 15[7] -> 7[7] [send] via NET/IB/2/GDRDMA
dt-12537b84df9046a1a6f633d4d81342a1-worker-3f222fcf439a-0:84:655 [7] NCCL INFO Channel 02/0 : 15[7] -> 8[0] via P2P/CUMEM/read
dt-12537b84df9046a1a6f633d4d81342a1-worker-3f222fcf439a-0:84:655 [7] NCCL INFO Channel 04/0 : 15[7] -> 8[0] via P2P/CUMEM/read
dt-12537b84df9046a1a6f633d4d81342a1-worker-3f222fcf439a-0:84:655 [7] NCCL INFO Channel 06/0 : 15[7] -> 8[0] via P2P/CUMEM/read
dt-12537b84df9046a1a6f633d4d81342a1-worker-3f222fcf439a-0:84:655 [7] NCCL INFO Channel 10/0 : 15[7] -> 8[0] via P2P/CUMEM/read
dt-12537b84df9046a1a6f633d4d81342a1-worker-3f222fcf439a-0:84:655 [7] NCCL INFO Channel 12/0 : 15[7] -> 8[0] via P2P/CUMEM/read
dt-12537b84df9046a1a6f633d4d81342a1-worker-3f222fcf439a-0:84:655 [7] NCCL INFO Channel 14/0 : 15[7] -> 8[0] via P2P/CUMEM/read
dt-12537b84df9046a1a6f633d4d81342a1-worker-3f222fcf439a-0:84:655 [7] NCCL INFO Channel 01/0 : 15[7] -> 14[6] via P2P/CUMEM/read
dt-12537b84df9046a1a6f633d4d81342a1-worker-3f222fcf439a-0:84:655 [7] NCCL INFO Channel 03/0 : 15[7] -> 14[6] via P2P/CUMEM/read
dt-12537b84df9046a1a6f633ddt-12537b84df9046a1a6f633d4d81342a1-worker-3f222fcf439a-0:82:643 [5] NCCL INFO Channel 04/0 : 13[5] -> 12[4] via P2P/CUMEM/read
dt-12537b84df9046a1a6f633d4d81342a1-worker-3f222fcf439a-0:82:643 [5] NCCL INFO Channel 05/0 : 13[5] -> 12[4] via P2P/CUMEM/read
dt-12537b84df9046a1a6f633d4d81342a1-worker-3f222fcf439a-0:82:643 [5] NCCL INFO Channel 07/0 : 13[5] -> 12[4] via P2P/CUMEM/read
dt-12537b84df9046a1a6f633d4d81342a1-worker-3f222fcf439a-0:83:644 [6] NCCL INFO Channel 03/0 : 14[6] -> 13[5] via P2P/CUMEM/read
dt-12537b84df9046a1a6f633d4d81342a1-worker-3f222fcf439a-0:83:644 [6] NCCL INFO Channel 07/0 : 14[6] -> 13[5] via P2P/CUMEM/read
dt-12537b84df9046a1a6f633d4d81342a1-worker-3f222fcf439a-0:83:644 [6] NCCL INFO Channel 09/0 : 14[6] -> 13[5] via P2P/CUMEM/read
dt-12537b84df9046a1a6f633d4d81342a1-worker-3f222fcf439a-0:83:644 [6] NCCL INFO Channel 11/0 : 14[6] -> 13[5] via P2P/CUMEM/read
dt-12537b84df9046a1a6f633d4d81342dt-12537b84df9046a1a6f633d4d81342a1-worker-3f222fcf439a-0:77:652 [0] NCCL INFO Connected all trees
dt-12537b84df9046a1a6f633d4d81342a1-worker-3f222fcf439a-0:77:652 [0] NCCL INFO threadThresholds 8/8/64 | 128/8/64 | 512 | 512
dt-12537b84df9046a1a6f633d4d81342a1-worker-3f222fcf439a-0:77:652 [0] NCCL INFO 16 coll channels, 0 collnet channels, 0 nvls channels, 16 p2p channels, 2 p2p channels per peer
dt-12537b84df9046a1a6f633d4d81342a1-worker-3f222fcf439a-0:77:6dt-12537b84df9046a1a6f633d4d81342a1-worker-3f222fcf439a-0:79:654 [2] NCCL INFO comm 0x561875ff2c80 rank 10 nranks 16 cudaDev 2 ndt-12537b84df9046a1a6f633d4d81342a1-worker-3f222fcf439a-0:78:78 [1] NCdt-12537b84df9046a1a6f633d4d81342a1-worker-3f222fcf439a-0:84:84 [7] NCCL INFO Rankdt-12537b84df9046a1a6f633d4d81342a1-worker-3f222fcf439a-0:77:77 [0] NCCL INFO Rank 8 has cdt-1253dt-12537b84df9046a1a6f633d4d81342a1-worker-3f222fcf439adt-12537b84df9046a1a6f633d4d81342a1-worker-3f222fcf439a-0:77:77 [0] NCCL INFO Rank 8 has codt-12537b84df9046a1a6f633d4d81342a1-worker-3f222fcf439a-0:80:dt-12537b84df9046a1a6f633d4d81342a1-worker-3f222fcf439a-0:77:77 [0] NCCL INFO Rank 8 has color withdt-12537b84df9046a1a6f633d4d81342a1-worker-3f222fcf43dt-12537b84df9046a1a6f633d4d81342a1-worker-3f222fcf439a-0:77:77 [0]dt-12537b84df9046a1a6f633d4d81342a1-worker-3f222fcf439a-0:79:79 [2] NCCL INFO Rank 10dt-12537b84df9046a1a6f633d4d81342a1-worker-3f222fcf439a-0:78:78 [1] dt-12537b84df9046a1a6f633ddt-1253dt-12537b84df9046a1a6f633d4d81342a1-worker-3f222fcfdt-12537b84df9046a1a6f633d4d81342a1-worker-3f222fcf439a-0:77:77 [0] NCCL INFO Rank 8 has color with NCCL_SPLIT_NOCOLOR, not creating a new communicator
dt-12537b84df9046a1a6f633d4d81342a1-worker-3f222fcf439a-0:77:77 [0] NCCL INFO Rank 8 has color with NCCL_SPLIT_NOCOLOR, not creating a new communicator
dt-12537b84df9046a1a6f633d4d81342a1-worker-3f222fcf439a-0:77:77 [0] NCCL INFO Rank 8 has color with NCCL_SPLIT_NOCOLOR, not creating a new communicator
dt-12537b84df9046a1a6f633d4d81342a1-worker-3f222fcf439a-0:78:78 [1] NCCL INFO Rank 9 has color with NCCL_SPLIT_NOCOLOR, not creating a new communicator
dt-12537b84df9046a1a6f633d4d81342a1-worker-3f222fcf439a-0:77:77 [0] NCCL dt-12537b84df9046a1a6f633d4d81342a1-worker-3f222fcf439a-0:79:79 [2] NCCL INFO Rdt-12537b84df9046a1a6f633d4d81342a1-worker-3f222fcf439a-0:77:77 [0] NCCL INFO Rank 8 has color with NCCL_SPLIT_NOCOLOR, not creating a new communicator
dt-12537b84df9046a1a6f633d4d81342a1-worker-3f222fcf439a-0:77:77 [0] NCCL INFO Rank 8 has color with NCCL_SPLdt-12537b84df9046a1a6f633d4d81342a1-worker-3dt-12537b84df9046a1a6f633d4d81342a1-worker-3f222fcf439a-0:78:78 [1] NCCL INFO Rank 9 has color with NCCL_SPLIdt-12537b84df9046a1a6f633d4d81342a1-worker-dt-12537b84df9046a1a6f633d4d81342a1-worker-3f222fcf439a-0:77:77 [0] NCCL INFO Rank 8 has color with NCCL_SPLITdt-12537b84df9046a1a6f633d4d81342a1-workerdt-12537b84df9046a1a6f633d4d81342a1-worker-3f222fcf439a-0:77:77 [0] NCCL INFO Rank 8 dt-12537b84df9046a1a6f633d4d81342a1-worker-3f222fcf439a-0:84:84 [7]dt-12537b84df9046a1a6f633d4d81342a1-worker-3f222fcf439a-0:78:78 [1] NCCL INFO Rank 9 has color with NCCL_SPLIT_NOCOLOR, not creating a new communicator
dt-12537b84df9046a1a6f633d4d81342a1-worker-3f222fcf439a-0:77:77 [0] NCCL INFO Radt-12537b84df9046a1a6f633d4d81342dt-12537b84df9046a1a6f633d4d81342a1-wordt-12537b84df9046a1a6f633d4d81342a1-worker-3f222fcf439a-0:77:77 [0] NCCL INFO Rank 8 has color with NCCL_SPLIT_NOCOLOR, not creating a new communicator
dt-12537b84df9046a1a6f633d4d81342a1-worker-3f222fcf439a-0:77:77 [0] NCCL INFO Rank 8 has color with NCCL_SPLIT_NOCOLOR, not creating a new communicator
dt-12537b84df9046a1a6f633d4d81342a1-worker-3f222fcf439a-0:78:78 [1] NCCL INFO Rank 9 has color with NCCL_SPLIT_NOCOLOR, not creating a new communicator
dt-12537b84df9046a1a6f633d4d81342a1-worker-3f222fcf439a-0:77:77 [0] NCCL INFO Rank 8dt-12537b84df9046a1a6f633d4d81342dt-12537b84df9046a1a6f633d4d81342a1dt-12537b84df9046a1a6f633d4d81342a1-worker-3f222fcf439a-0:78:78 [1] NCCL INFO Rank 9 has color with NCCL_SPLIT_NOCOLOR, not creating a new communicator
dt-12537b84df9046a1a6f633d4d81342a1-worker-3f222fcf439a-0:77:77 [0] NCCL INFO Rank 8 has color with NCCL_SPLIT_NOCOLOR, not creating a new communicator
dt-12537b84df9046a1a6f633d4d81342a1-worker-3f222fcf439a-0:78:78 [1] NCCL INFO Rank 9 has color with NCCL_SPLIT_NOCOLOR, not creating a new communicator
dt-12537b84df9046a1a6f633d4d81342a1-worker-3f222fcf439a-0:77:77 [0] NCCL INFO Rank 8 hasdt-12537b84df9046a1a6f633d4d81342a1-worker-3f222fcf439a-0:79:79 dt-12537b84df9046a1a6f633d4d81342a1-worker-3f222fcf439a-0:78:78 [1] NCCL INFO Rank 9 has color with NCCL_SPLIT_NOCOdt-12537b84df9046a1a6f633d4d81342a1-wdt-12537b84df9046a1a6f633d4d81342a1-worker-3f222fcf439a-0:77:77 [0] NCCL INFO Rank 8 has color with NCCL_SPLIT_NOCOLOR, notdt-12537b84df9046a1a6f633d4d8dt-12537b84df9046a1a6f633d4d81342a1-worker-3f222fcf439a-0:77:77 [0] NCCL INFO Rank 8 has color with NCCL_SPLIT_NOCOLOR, not dt-12537b84df9046a1a6f633d4ddt-12537b84df9046a1a6f633d4d81342a1-worker-3f222fcf439a-0:78:78 [1] NCCL INFO Rank 9 has color with NCCL_SPLIT_NOCOLOR, not cdt-12537b84df9046a1a6f633d4dt-12537b84df9046a1a6f633d4d81342a1-worker-3f222fcf439a-0:78:78 [1] NCCL INFO Rank 9 has color with dt-12537b84df9046a1a6f633d4d81342a1-worker-3f222fcf4dt-12537b84df9046a1a6f633d4d81342a1-worker-3f222fcf439a-0:78:78 [1] NCCL INFO Rank 9 has color with NCCL_SPLIT_NOCOLOR, dt-12537b84df9046a1a6f633d4d8134dt-12537b84df9046a1a6f633d4d81342a1-worker-3f222fcf439a-0:78:78 [1] NCCL INFO Rank 9 has color with NCCL_SPLIT_NOCOLOR, ndt-12537b84df9046a1a6f633d4d813dt-12537b84df9046a1a6f633d4d81342a1-worker-3f222fcf439a-0:78:78 [1] NCCL INFO Rank 9 has color wdt-12537b84df9046a1a6f633d4d81342dt-12537b84df9046a1a6f6dt-12537b84df9046a1a6f633d4d81342a1-worker-3f222fcf439a-0:78:78 [1] NCCL INFO Rank 9 has color with NCCL_SPLIT_NOCOLOR, not creating a new communicator
dt-12537b84df9046a1a6f633d4d81342a1-worker-3f222fcf439a-0:78:78 [1] NCCL INFO Rank 9 has color witdt-12537b84df9046a1a6f633ddt-12537b84df9046a1a6f633d4ddt-12537b84df9046a1a6f633d4d81342a1-worker-3f222fcf439a-0:78:78 [1] NCCL INFO Rank 9 has color with NCCL_Sdt-12537b84df9046a1dt-1253dt-12537b84df9046a1adt-12537b84df9046a1a6f633d4d81342a1-worker-3f222fcf439a-0:77:77 [0] NCCL INFO Rank 8 has color with NCCL_SPdt-12537b84df9046a1a6f633ddt-12537b84df9046a1dt-12537b84df9046a1a6f633d4d81342a1-worker-3f222fcf439a-0:77:77 [0] NCCL INFO Rank 8 has color with Ndt-12537b84df9046a1a6f633d4d81342a1-worker-3f222fcfdt-12537b84df9046a1a6f633d4d81342a1-worker-3f222fcf439a-0:77:77 [0] NCCL INFO Rank 8 has color with NCdt-12537b84df9046a1a6f633ddt-12537b84df9046a1a6f63dt-12537b84df9046a1a6f633d4d81342a1-worker-3f222fcf439a-0:77:77 [0] NCCL INFO Rank 8 has color with NCCdt-12537b84df9046a1a6f633d4d81342a1-worker-3f222fdt-12537b84df9046a1a6f633d4d81342a1-worker-3f222fcf439a-0:77:77 [0] NCCL INFO Rank 8 has color with NCCL_SPLIT_NOCOLOR, not creatidt-1253dt-12537b84df90dt-12537b84df9046a1a6f633d4d81342a1-worker-3f222fcf439a-0:77:77 [0] NCCL INFO Rank 8 has color with NCCL_SPLIT_Ndt-12537b84df9046a1dt-1253dt-12537b84df9dt-12537b84df9046a1a6f633d4d81342a1-worker-3f222fcf439a-0:78:78 [1] NCCL INFO Rank 9 has color with NCCL_Sdt-12537b84df9046a1a6f633d4d81342a1-worker-3f2dt-12537b84df9046a1a6f633d4d81342a1-worker-3f222fcf439a-0:77:77 [0] NCCL INFO Rank 8 has color with NCCL_SPdt-1253dt-12537b84df9046a1a6f633ddt-12537b84ddt-12537b84df9046a1a6f633d4d81342a1-worker-3f222fcf439a-0:77:77 [0] NCCL INFO Rank 8 has color with NCCL_SPLIT_NOCOLOR, not creating a new communicator
dt-12537b84df9046a1a6f633d4d81342a1-worker-3f222fcf439a-0:78:78 [1] NCCL INFO Rank 9 has color with NCCL_SPLIT_NOCOLOR, not creating a new communicator
dt-12537b84df9046a1a6f633d4d81342a1-worker-3f222fcf439a-0:78:78 [1] NCCL INFO Rank 9 has color with NCCL_SPLITdt-12537b84df9046a1a6f633d4d81342a1-workerdt-12537b84df9046a1a6f633d4d81342a1-worker-3f222fcf439a-0:78:78 [1] NCCL INFO Rank 9 has color with NCCL_SPLIT_NOCOLORdt-12537b84df9046a1dt-12537b84df90dt-12537b84df9046a1a6f633d4d81342a1-worker-3f222fcf439a-0:78:78 [1] NCCL INFO Rank 9 has color with NCCL_SPLIT_NOCOLOR, not creating a new commundt-1253dt-12537b84df9046a1a6f633d4d81342a1-worker-3f222fcf439a-0:77:77 [0] NCCL INFO Rank 8 has color with NCCL_SPLIT_NOCOLOR, not creating a new dt-1253dt-125dt-12537b84df9046a1a6f633d4d81342a1-worker-3f222fcf439a-0:77:77 [0] NCCL INFO Rank 8 has color with NCCL_SPLIT_NOCOLOR, not creating a new communicdt-12dt-12537b84df9046a1a6f633d4d81342a1-worker-3f222fcf439a-0:77:77 [0] NCCL INFO Rank 8 has color with NCCL_SPLIT_NOCOdt-12537b84df9046a1a6f633d4d81342a1-wdt-12537b84df9046a1a6f633d4d81342a1-worker-3f222fcf439a-0:78:78 [1] NCCL INFO Rank 9 has color with NCCL_SPLIT_NOCOLdt-12537b84df9046a1a6f633d4d81342a1-dt-12537b84df9046a1a6f633d4d81342a1-worker-3f222fcf439a-0:78:78 [1] NCCL INFO Rank 9 has color with NCCL_SPLIT_NOCOLOdt-1253dt-12537b84df9046a1a6f633ddtdt-12537b84df9046a1a6f633d4d81342a1-worker-3f222fcf439a-0:77:77 [0] NCCL INFO Rank 8 has color with NCCL_SPLIT_NOCOLOR, not cdt-12537b84df9046a1a6f633dddt-12537b84df9046a1a6f633d4d81342a1-worker-3f222fcf439a-0:78:78 [1] NCCL INFO Rank 9 has color with NCCL_SPLIT_NOCOLOR,dt-12537b84df9046a1a6f633d4d81342dt-12537b84df9046a1a6f633d4d81342a1-worker-3f222fcf439a-0:78:78 [1] NCCL INFO Rank 9 has color with NCCL_SPLIT_NOCOLOR, dt-12537b84df9046a1a6f633d4d8134dt-12537b84df9046a1a6f633d4d81342a1-worker-3f222fcf439a-0:77:77 [0] NCCL INFO Rank 8 has color with NCCL_SPLIT_NOCOLOR, not creating a new communicdt-12dt-12537b84df9046a1a6f633d4d81342a1-worker-3f222fcf439a-0:77:77 [0] NCCL INFO Rank 8 has color with NCCL_SPLIT_NOCOLOR, nodt-12537b84df9046a1a6f633d4d81dt-12537b84df9046a1a6f633d4d81342a1-worker-3f222fcf439a-0:77:77 [0] NCCL INFO Rank 8 has color with NCCL_SPLIT_NOCOLOR, notdt-1253dt-12537b84df9046a1a6fdt-12537b84df9046a1a6f633d4d81342a1-worker-3f222fcf439a-0:77:77 [0] NCCL INFO Rank 8 has color with NCCL_SPLIT_NOCOLOR, not dt-1253dt-12537b84df9046a1a6dt-12537b84df9046a1a6f633d4d81342a1-worker-3f222fcf439a-0:77:77 [0] NCCL INFO Rank 8 has color with NCCL_SPLIT_NOCOLOR, not cdt-1253dt-12537b84df9046a1ddt-12537b84df9046a1a6f633d4d81342a1-worker-3f222fcf439a-0:77:77 [0] NCCL INFO Rank 8 has color with NCCL_SPLIT_NOCOLOR, not creating a new communicator
dt-12537b84df9046a1a6f633d4d81342a1-worker-3f222fcf439a-0:78:78 [1] NCCL INFO Rank 9 has color with NCCL_SPLIT_NOCOLOR, not creating adt-12537b84df9046adt-12537b84df9046a1a6f633d4d81342a1-worker-3f222fcf439a-0:78:78 [1] NCCL INFO Rank 9 has color with NCCL_SPLIT_NOCOLOR, not creating a new communicator
dt-12537b84df9046a1a6f633d4d81342a1-worker-3f222fcf439a-0:78:78 [1] NCCL INFO Rank 9 has color with NCCL_SPLIT_NOCOLOR, not creatdt-12537b84df9046a1a6f6dt-12537b84df9046a1a6f633d4d81342a1-worker-3f222fcf439a-0:77:77 [0] NCCL INFO Rank 8 has color with NCCL_SPLIT_NOCOLOR, not creating a new communicator
dt-12537b84df9046a1a6f633d4d81342a1-worker-3f222fcf439a-0:77:77 [0] NCCL INFO Rank 8 has color with NCCL_SPLIT_NOCOLOR, not creatindt-12537b84df9046a1a6dt-12537b84df9046a1a6f633d4d81342a1-worker-3f222fcf439a-0:77:77 [0] NCCL INFO Rank 8 has color with NCCL_SPLIT_NOCOLOR, not creating a new communicator
dt-12537b84df9046a1a6f633d4d81342a1-worker-3f222fcf439a-0:77:77 [0] NCCL INFO Rank 8 has color with NCCL_SPLIT_NOCOLOR, not creating dt-12537b84df9046a1dt-12537b84df9046a1a6f633d4d81342a1-worker-3f222fcf439a-0:78:78 [1] NCCL INFO Rank 9 has color with NCCL_SPLIT_NOCOLOR, not creating a new codt-12537b84dt-12537b84df9046a1a6f633d4d81342a1-worker-3f222fcf439a-0:77:77 [0] NCCL INFO Rank 8 has color with NCCL_SPLIT_NOCOLOR, not creating a new communicator
dt-12537b84df9046a1a6f633d4d81342a1-worker-3f222fcf439a-0:77:77 [0] NCCL INFO Rank 8 has color with NCCL_SPLIT_NOCOLOR, not creating a new communicator
dt-12537b84df9046a1a6f633d4d81342a1-worker-3f222fcf439a-0:78:78 [1] NCCL INFO Rank 9 has color with NCCL_SPLIT_NOCOLOR, not creating a nedt-1253dt-12537dt-12537b84df9046a1a6f633d4d81342a1-worker-3f222fcf439a-0:78:78 [1] NCCL INFO Rank 9 has color with NCCL_SPLIT_NOCOLOR, not creating a new communicator
dt-12537b84df9046a1a6f633d4d81342a1-worker-3f222fcf439a-0:77:77 [0] NCCL INFO Rank 8 has color with NCCL_SPLIT_NOCOLOR, not creating a new communicator
dt-12537b84df9046a1a6f633d4d81342a1-worker-3f222fcf439a-0:77:77 [0] NCCL INFO Rank 8 has color with NCCL_SPLIT_NOCOLOR, not creating a new communicator
dt-12537b84df9046a1a6f633d4d81342a1-worker-3f222fcf439a-0:78:78 [1] NCCL INFO Rank 9 has color with NCCL_SPLIT_NOCOLOR, not creating a new codt-12537b84dt-12537b84df9046a1a6f633d4d81342a1-worker-3f222fcf439a-0:78:78 [1] NCCL INFO Rank 9 has color with NCCL_SPLIT_NOCOLOR, not creating a new communicator
dt-12537b84df9046a1a6f633d4d81342a1-worker-3f222fcf439a-0:77:77 [0] NCCL INFO Rank 8 has color with NCCL_SPLIT_NOCOLOR, not creating a new commdt-12537bdt-12537b84df9046a1a6f633d4d81342a1-worker-3f222fcf439a-0:78:78 [1] NCCL INFO Rank 9 has color with NCCL_SPLIT_NOCOLOR, not creating a new commudt-12537dt-12537b84df9046a1a6f633d4d81342a1-worker-3f222fcf439a-0:77:77 [0] NCCL INFO Rank 8 has color with NCCL_SPLIT_NOCOLOR, not creating a new commundt-1253dt-12537b84df9046a1a6f633d4d81342a1-worker-3f222fcf439a-0:78:78 [1] NCCL INFO Rank 9 has color with NCCL_SPLIT_NOCOLOR, not creating a new communidt-125dt-12537b84df9046a1a6f633d4d81342a1-worker-3f222fcf439a-0:78:78 [1] NCCL INFO Rank 9 has color with NCCL_SPLIT_NOCOLOR, not creating a new communicator
dt-12537b84df9046a1a6f633d4d81342a1-worker-3f222fcf439a-0:78:78 [1] NCCL INFO Rank 9 has color with NCCL_SPLIT_NOCOLOR, not creating a new communicadt-1dt-12537b84df9046a1a6f633d4d81342a1-worker-3f222fcf439a-0:78:78 [1] NCCL INFO Rank 9 has color with NCCL_SPLIT_NOCOLOR, not creating a new communicator
dt-12537b84df9046a1a6f633d4d81342a1-worker-3f222fcf439a-0:78:78 [1] NCCL INFO Rank 9 has color with NCCL_SPLIT_NOCOLOR, not creating a new communicatodtdt-12537b84df9046a1a6f633d4d81342a1-worker-3f222fcf439a-0:77:77 [0] NCCL INFO Rank 8 has color with NCCL_SPLIT_NOCOLOR, not creating a new communicatorddt-12537b84df9046a1a6f633d4d81342a1-worker-3f222fcf439a-0:77:77 [0] NCCL INFO Rank 8 has color with NCCL_SPLIT_NOCOLOR, not creating a new communicator
dt-12537b84df9046a1a6f633d4d81342a1-worker-3f222fcf439a-0:77:77 [0] NCCL INFO Rank 8 has color with NCCL_SPLIT_NOCOLOR, not creating a new communicator
dt-12537b84df9046a1a6f633d4d81342a1-worker-3f222fcf439a-0:77:77 [0] NCCL INFO Rank 8 has color with NCCL_SPLIT_NOCOLOR, not creating a new communicator
dt-12537b84df9046a1a6f633d4d81342a1-worker-3f222fcf439a-0:77:77 [0] NCCL INFO Rank 8 has color with NCCL_SPLIT_NOCOLOR, not creating a new communicator
dt-12537b84df9046a1a6f633d4d81342a1-worker-3f222fcf439a-0:78:78 [1] NCCL INFO Rank 9 has color with NCCL_SPLIT_NOCOLOR, not creating a new communicator
dt-12537b84df9046a1a6f633d4d81342a1-worker-3f222fcf439a-0:77:77 [0] NCCL INFO Rank 8 has color with NCCL_SPLIT_NOCOLOR, not creating a new communicator
dt-12537b84df9046a1a6f633d4d81342a1-worker-3f222fcf439a-0:78:78 [1] NCCL INFO Rank 9 has color with NCCL_SPLIT_NOCOLOR, not creating a new communicator
dt-12537b84df9046a1a6f633d4d81342a1-worker-3f222fcf439a-0:78:78 [1] NCCL INFO Rank 9 has color with NCCL_SPLIT_NOCOLOR, not creating a new communicator
dt-12537b84df9046a1a6f633d4d81342a1-worker-3f222fcf439a-0:77:77 [0] NCCL INFO Rank 8 has color with NCCL_SPLIT_NOCOLOR, not creating a new communicator
dt-12537b84df9046a1a6f633d4d81342a1-worker-3f222fcf439a-0:78:78 [1] NCCL INFO Rank 9 has color with NCCL_SPLIT_NOCOLOR, not creating a new communicator
dt-12537b84df9046a1a6f633d4d81342a1-worker-3f222fcf439a-0:78:78 [1] NCCL INFO Rank 9 has color with NCCL_SPLIT_NOCOLOR, not creating a new communicator
dt-12537b84df9046a1a6f633d4d81342a1-worker-3f222fcf439a-0:78:78 [1] NCCL INFO Rank 9 has color with NCCL_SPLIT_NOCOLOR, not creating a new communicator
dt-12537b84df9046a1a6f633d4d81342a1-worker-3f222fcf439a-0:77:77 [0] NCCL INFO Rank 8 has color with NCCL_SPLIT_NOCOLOR, not creating a new communicator
dt-12537b84df9046a1a6f633d4d81342a1-worker-3f222fcf439a-0:77:77 [0] NCCL INFO Rank 8 has color with NCCL_SPLIT_NOCOLOR, not creating a new communicator
dt-12537b84df9046a1a6f633d4d81342a1-worker-3f222fcf439a-0:78:78 [1] NCCL INFO Rank 9 has color with NCCL_SPLIT_NOCOLOR, not creating a new communicator
dt-12537b84df9046a1a6f633d4d81342a1-worker-3f222fcf439a-0:77:77 [0] NCCL INFO Rank 8 has color with NCCL_SPLIT_NOCOLOR, not creating a new communicator
dt-12537b84df9046a1a6f633d4d81342a1-worker-3f222fcf439a-0:77:77 [0] NCCL INFO Rank 8 has color with NCCL_SPLIT_NOCOLOR, not creating a new commun84df9046a1a6f633d4d81342a1-master-3f222fcf439a-0:82:82 [3] NCCL INFO Rank 3 has color with NCCL_SPLIT_NOCOLOR, not creating a new comdt-12537b8dt-12537b84df9046a1a6f633d4d81342a1-master-3f222fcf439a-0:81:81 [2] NCCL INFO Rank 2 has color with NCCL_SPLIT_NOCOLOR, not creating a new comdt-12537b8dt-1253dt-12537b84df9046a1a6f633d4d81342a1-master-3f222fcf439a-0:86:86 [7] NCCL INFO Rank 7 has color with NCCL_SPLIT_NOCOLOR, not creating a dt-12537b84df9046a1a6f633d4d81342a1-master-3f222fcf439a-0:80:80 [1] NCCL INFO Rank 1 has color with NCCL_SPLIT_NOCOLOR, not creating a new communicator
dt-12537b84df9046a1a6f633d4d81342a1-master-3f222fcf439a-0:80:80 [1] NCCL INFO Rank 1 has color with NCCL_SPLIT_NOCOLOR, not creating a new communicator
dt-12537b84df9046dt-12537b84df9046a1a6f633d4d81342a1-master-3f222fcf439a-0:83:83 [4] NCCL INFO Rank 4 has color with NCCL_SPLIT_NOCOLOR, not creating a dt-12537b84df9046a1a6f633d4d81342a1-master-3f222fcf439a-0:80:80 [1] NCCL INFO Rank 1 has color with NCCL_SPLIT_NOCOLOR, not creating a new communicator
dt-12537b8dt-12537b84df9046a1a6f633d4d81342a1-master-3f222fcf439a-0:81:81 [2] NCCL INFO Rank 2 has color with NCCL_SPLIT_NOCOLOR, not creating a new comdt-12537b8dt-1253dt-12537b84df9046a1a6f633d4d81342a1-master-3f222fcf439a-0:84:84 [5] NCCL INFO Rank 5 has color with NCCL_SPLIT_NOCOLOR, not creating a dt-12537b84df9046dt-12537b84df9046a1a6f633d4d81342a1-master-3f222fcf439a-0:86:86 [7] NCCL INFO Rank 7 has color with NCCL_SPLIT_NOCOLOR, not creating a dt-12537b8dt-1253dt-12537b84df9046a1a6f633d4d81342a1-master-3f222fcf439a-0:83:83 [4] NCCL INFO Rank 4 has color with NCCL_SPLIT_NOCOLOR, not creating a dt-12537b8dt-1253dt-12537b84df9046a1a6f633d4d81342a1-master-3f222fcf439a-0:83:83 [4] NCCL INFO Rank 4 has color with NCCL_SPLIT_NOCOLOR, not creating a dt-12537b8dt-1253dt-12537b84df9046a1a6f633d4d81342a1-master-3f222fcf439a-0:86:86 [7] NCCL INFO Rank 7 has color with NCCL_SPLIT_NOCOLOR, not creating a dt-12537b84df9046a1a6f633d4d81342a1-master-3f222fcf439a-0:80:80 [1] NCCL INFO Rank 1 has color with NCCL_SPLIT_NOCOLOR, not creating a new communicator
dt-12537b8dt-12537b84df9046a1a6f633d4d81342a1-master-3f222fcf439a-0:82:82 [3] NCCL INFO Rank 3 has color with NCCL_SPLIT_NOCOLOR, not creating a new comdt-12537b84df9046dt-12537b84df9046a1a6f633d4d81342a1-master-3f222fcf439a-0:83:83 [4] NCCL INFO Rank 4 has color with NCCL_SPLIT_NOCOLOR, not creating a dt-12537b84df9046dt-12537b84df9046a1a6f633d4d81342a1-master-3f222fcf439a-0:86:86 [7] NCCL INFO Rank 7 has color with NCCL_SPLIT_NOCOLOR, not creating a dt-12537b8dt-12537b84df9046a1a6f633d4d81342a1-master-3f222fcf439a-0:81:81 [2] NCCL INFO Rank 2 has color with NCCL_SPLIT_NOCOLOR, not creating a new comdt-12537b84df9046a1a6f633d4d81342a1-master-3f222fcf439a-0:80:80 [1] NCCL INFO Rank 1 has color with NCCL_SPLIT_NOCOLOR, not creating a new communicator
dt-12537b84df9046dt-12537b84df9046a1a6f633d4d81342a1-master-3f222fcf439a-0:85:85 [6] NCCL INFO Rank 6 has color with NCCL_SPLIT_NOCOLOR, not creating a dt-12537b8dt-1253dt-12537b84df9046a1a6f633d4d81342a1-master-3f222fcf439a-0:85:85 [6] NCCL INFO Rank 6 has color with NCCL_SPLIT_NOCOLOR, not creating a dt-12537b8dt-1253dt-12537b84df9046a1a6f633d4d81342a1-master-3f222fcf439a-0:84:84 [5] NCCL INFO Rank 5 has color with NCCL_SPLIT_NOCOLOR, not creating a dt-12537b8dt-1253dt-12537b84df9046a1a6f633d4d81342a1-master-3f222fcf439a-0:84:4780 [5] NCCL INFO Using non-device net plugin version 0
dt-12537b84df9046a1a6f633d4d81342a1-master-3f222fcf439a-0:84:4780 [5] NCCL INFO dt-12537b8dt-1253dt-12537b84df9046a1a6f633d4d81342a1-master-3f222fcf439a-0:84:4780 [5] NCCL INFO bootstrapSplit: comm 0x557831006330 parent 0x557823b7a810 rank 0 nranks 1 color -1656867426 key 0 prev 5 next 5 - DONE
dt-12537b84df9046a1a6f633d4d81342a1-master-3f222fcf439a-0:84:4780 [5] NCCL INFO comm 0x557831006330 rank 0 nranks 1 cudaDev 5 nvmlDev 5 busId bc000 commId 0x29c77f3e99bdt-12537b84dt-125dtdt-12537b84df9046a1a6f633d4d81342a1-master-3f222fcf439a-0:84:4780 [5] NCCL INFO Setting affinity for GPU 5 to ffff,fff00000,00ffffff,f0000000
dt-12537b844df9046a1a6f633d4d81342a1-worker-3f222fcf439a-0:78:4729 [1] NCCL INFO comm 0x5651dt-12537b84df9046a1a6f633d4d81342a1-worker-3f222fcf439a-0:83:4727 [6] NCCL INFO Setting affinity for GPU 6 to ffff,fff00000,00ffffff,f0000000
dt-12537b84df9046a1a6f633d4d81342a1-worker-3f222fcf439a-0:83:4727 [6] NCCL INFO comm 0x555d4c7d0320 rank 0 nRanks 1 nNodes 1 localRanks 1 localRank 0 MNNVL 0
dt-12537b84df9046a1a6f633d4d81342a1-worker-3f222fcf439a-0:83:4727 [6] NCCL INFO Channel 00/32 :    0
dt-12537b84df9046a1a6f633d4d81342a1-worker-3f222fcf439a-0:83:4727 [6] NCCL INFO Channel 01/32 :    0
dt-12537b84df9046a1a6f633d4d81342a1-worker-3f222fcf439a-0:83:4727 [6] NCCL INFO Channel 02/32 :    0
dt-12537b84df9046a1a6f633d4d81342a1-worker-3f222fcf439a-0:83:4727 [6] NCCL INFO Channel 03/32 :    0
dt-12537b84df9046a1a6f633d4d81342a1-worker-3f222fcf439a-0:83:4727 [6] NCCL INFO Channel 04/32 :    0
dt-12537b84df9046a1a6f633d4d81342a1-worker-3f222fcf439a-0:83:4727 [6] NCCL INFO Channel 05/32 :    0
dt-12537b84df9046a1a6f633d4d81342a1-worker-3f222fcf439a-0:83:4727 [6] NCCL INFO Channel 06/32 :    0
dt-12537b84df9046a1a6f633d4d81342a1-worker-3f222fcf439a-0:83:4727 [6] NCCL INFO Channel 07/32 :    0
dt-12537b84df9046a1a6f633d4d81342a1-worker-3f222fcf439a-0:83:4727 [6] NCCL INFO Channel 08/32 :    0
dt-12537b84df9046a1a6f633d4d81342a1-worker-3f222fcf439a-0:83:4727 [6] NCCL INFO Channel 09/32 :    0
dt-12537b84df9046a1a6f633d4d81342a1-worker-3f222fcf439a-0:83:4727 [6] NCCL INFO Channel 10/32 :    0
dt-12537b84df9046a1a6f633d4d81342a1-worker-3f222fcf439a-0:83:4727 [6] NCCL INFO Channel 11/32 :    0
dt-12537b84df9046a1a6f633d4d81342a1-worker-3f222fcf439a-0:83:4727 [6] NCCL INFO Channel 12/32 :    0
dt-12537b84df9046a1a6f633d4d81342a1-worker-3f222fcf439a-0:83:4727 [6] NCCL INFO Channel 13/32 :    0
dt-12537b84df9046a1a6f633d4d81342a1-worker-3f222fcf439a-0:83:4727 [6] NCCL INFO Channel 14/32 :    0
dt-12537b84df9046a1a6f633d4d81342a1-worker-3f222fcf439a-0:83:4727 [6] NCCL INFO Channel 15/32 :    0
dt-12537b84df9046a1a6f633d4d81342a1-worker-3f222fcf439a-0:83:4727 [6] NCCL INFO Channel 16/32 :    0
dt-12537b84df9046a1a6f633d4d81342a1-worker-3f222fcf439a-0:83:4727 [6] NCCL INFO Channel 17/32 :    0
dt-12537b84df9046a1a6f633d4d81342a1-worker-3f222fcf439a-0:83:4727 [6] NCCL INFO Channel 18/32 :    0
dt-12537b84df9046a1a6f633d4d81342a1-worker-3f222fcf439a-0:83:4727 [6] NCCL INFO Channel 19/32 :    0
dt-12537b84df9046a1a6f633d4d81342a1-worker-3f222fcf439a-0:83:4727 [6] NCCL INFO Channel 20/32 :    0
dt-12537b84df9046a1a6f633d4d81342a1-worker-3f222fcf439a-0:83:4727 [6] NCCL INFO Channel 21/32 :    0
dt-12537b84df9046a1a6f633d4d81342a1-worker-3f222fcf439a-0:83:4727 [6] NCCL INFO Channel 22/32 :    0
dt-12537b84df9046a1a6f633d4d81342a1-worker-3f222fcf439a-0:83:4727 [6] NCCL INFO Channel 23/32 :    0
dt-12537b84df9046a1a6f633d4d81342a1-worker-3f222fcf439a-0:83:4727 [6] NCCL INFO Channel 24/32 :    0
dt-12537b84df9046a1a6f633d4d81342a1-worker-3f222fcf439a-0:83:4727 [6] NCCL INFO Channel 25/32 :    0
dt-12537b84df9046a1a6f633d4d81342a1-worker-3f222fcf439a-0:83:4727 [6] NCCL INFO Channel 26/32 :    0
dt-12537b84df9046a1a6f633d4d81342a1-worker-3f222fcf439a-0:83:4727 [6] NCCL INFO Channel 27/32 :    0
dt-12537b84df9046a1a6f633d4d81342a1-worker-3f222fcf439a-0:83:4727 [6] NCCL INFO Channel 28/32 :    0
dt-12537b84df9046a1a6f633d4d81342a1-worker-3f222fcf439a-0:83:4727 [6] NCCL INFO Channel 29/32 :    0
dt-12537b84df9046a1a6f633d4d81342a1-worker-3f222fcf439a-0:83:4727 [6] NCCL INFO Channel 30/32 :    0
dt-12537b84df9046a1a6f633d4d81342a1-worker-3f222fcf439a-0:83:4727 [6] NCCL INFO Channel 31/32 :    0
dt-12537b84df9046a1a6f633d4d81342a1-worker-3f222fcf439a-0:83:4727 [6] NCCL INFO Trees [0] -1/-1/-1->0->-1 [1] -1/-1/-1->0->-1 [2] -1/-1/-1->0->-1 [3] -1/-1/-1->0->-1 [4] -1/-1/-1->0->-1 [5] -1/-1/-1->0->-1 [6] -1/-1/-1->0->-1 [7] -1/-1/-1->0->-1 [8] -1/-1/-1->0->-1 [9] -1/-1/-1->0->-1 [10] -1/-1/-1->0->-1 [11] -1/-1/-1->0->-1 [12] -1/-1/-1->0->-1 [13] -1/-1/-1->0->-1 [14] -1/-1/-1->0->-1 [15] -1/-1/-1->0->-1 [16] -1/-1/-1->0->-1 [17] -1/-1/-1->0->-1 [18] -1/-1/-1->0->-1 [19] -1/-1/-1->0->-1 [20] -1/-1/-1->0->-1 [21] -1/-1/-1->0->-1 [22] -1/-1/-1->0->-1 [23] -1/-1/-1->0->-1 [24] -1/-1/-1->0->-1 [25] -1/-1/-1->0->-1 ddt-12537b84df9046a1a6f633d4d81342a1-worker-3f222fcf439a-0:78:4729 [1] NCCL INFO Connected all rings
dt-12537b84df9046a1a6f633d4d81342a1-worker-3f222fcf439a-0:78:4729 [1] NCCL INFO Connected all trees
dt-125dt-12537b84df9046a1a6f633d4d81342a1-worker-3f222fcf439a-0:84:4736 [7] NCCL INFO Connected all rings
dt-12537b84df9046a1a6f633d4d81342a1-worker-3f222fcf439a-0:84:4736 [7] ddt-12537b84df9046a1a6f633d4d81342a1-worker-3f222fcf439a-0:78:4729 [1] NCCL INFO comm 0x565153c7d4d0 rank 0 nranks 1 cudaDev 1 nvmlDev 1 busId 16000 commId 0x5d6e43fb6724ca5 - Init COMPLETE
dt-12537b84df9046a1a6f633d4d81342a1-worker-3f222fcf439a-0:77:4908 [0] NCCL INFO Using non-device net plugin version 0
dt-12537b84df9046a1a6f633d4d81342a1-worker-3f222fcf439a-0:77:4908 [0] NCCL INFO Using network IB
dt-12537b84df9046a1a6f633d4d81342a1-worker-3f222fcf439a-0:77:4908 [0] NCCL INFO bootstrapSplit: comm 0x55e3c02a0f30 parent 0x55e39bc20f50 rank 0 nranks 1 color 225022840 key 0 prev 8 next 8 - DONE
dt-12537b84df9046a1a6f633d4d81342a1-worker-3f222fcf439a-0:77:4908 [0] NCCL INFO comm 0x55e3c02a0f30 rank 0 nranks 1 cudaDev 0 nvmlDev 0 busId 10000 commId 0xe51299eaaa7cb2ed - Init START
dt-12537b84df9046a1a6f633d4d81342a1-worker-3f222fcf439a-0:77:4908 [0] NCCL INFO Setting affinity for GPU 0 to 0fffff,ff000000,0fffffff
dt-12537b84df9046a1a6f633d4d81342a1-worker-3f222fcf439a-0:77:4908 [0] NCCL INFO comm 0x55e3c02a0f30 radt-12537b84df9046a1a6f633d4d81342a1-worker-3f222fcf439a-0:83:4912 [6] NCCL INFO Setting affinity for GPU 6 to ffff,fff00000,00ffffff,f0000000
dt-12537b84df9046a1a6f633d4d81342a1-worker-3f222fcf439a-0:83:4912 [6] NCCL INFO comm 0x555d62d71300 rank 0 nRanks 1 nNodes 1 localRanks 1 localRank 0 MNNVL 0
dt-12537b84df9046a1a6f633d4d81342a1-worker-3f222fcf439a-0:83:4912 [6] NCCL INFO Channel 00/32 :    0
dt-12537b84df9046a1a6f633d4d81342a1-worker-3f222fcf439a-0:83:4912 [6] NCCL INFO Channel 01/32 :    0
dt-12537b84df9046a1a6f633d4d81342a1-worker-3f222fcf439a-0:83:4912 [6] NCCL INFO Channel 02/32 :    0
dt-12537b84df9046a1a6f633d4d81342a1-worker-3f222fcf439a-0:83:4912 [6] NCCL INFO Channel 03/32 :    0
dt-12537b84df9046a1a6f633d4d81342a1-worker-3f222fcf439a-0:83:4912 [6] NCCL INFO Channel 04/32 :    0
dt-12537b84df9046a1a6f633d4d81342a1-worker-3f222fcf439a-0:83:4912 [6] NCCL INFO Channel 05/32 :    0
dt-12537b84df9046a1a6f633d4d81342a1-worker-3f222fcf439a-0:83:4912 [6] NCCL INFO Channel 06/32 :    0
dt-12537b84df9046a1a6f633d4d81342a1-worker-3f222fcf439a-0:83:4912 [6] NCCL INFO Channel 07/32 :    0
dt-12537b84df9046a1a6f633d4d81342a1-worker-3f222fcf439a-0:83:4912 [6] NCCL INFO Channel 08/32 :    0
dt-12537b84df9046a1a6f633d4d81342a1-worker-3f222fcf439a-0:83:4912 [6] NCCL INFO Channel 09/32 :    0
dt-12537b84df9046a1a6f633d4d81342a1-worker-3f222fcf439a-0:83:4912 [6] NCCL INFO Channel 10/32 :    0
dt-12537b84df9046a1a6f633d4d81342a1-worker-3f222fcf439a-0:83:4912 [6] NCCL INFO Channel 11/32 :    0
dt-12537b84df9046a1a6f633d4d81342a1-worker-3f222fcf439a-0:83:4912 [6] NCCL INFO Channel 12/32 :    0
dt-12537b84df9046a1a6f633d4d81342a1-worker-3f222fcf439a-0:83:4912 [6] NCCL INFO Channel 13/32 :    0
dt-12537b84df9046a1a6f633d4d81342a1-worker-3f222fcf439a-0:83:4912 [6] NCCL INFO Channel 14/32 :    0
dt-12537b84df9046a1a6f633d4d81342a1-worker-3f222fcf439a-0:83:4912 [6] NCCL INFO Channel 15/32 :    0
dt-12537b84df9046a1a6f633d4d81342a1-worker-3f222fcf439a-0:83:4912 [6] NCCL INFO Channel 16/32 :    0
dt-12537b84df9046a1a6f633d4d81342a1-worker-3f222fcf439a-0:83:4912 [6] NCCL INFO Channel 17/32 :    0
dt-12537b84df9046a1a6f633d4d81342a1-worker-3f222fcf439a-0:83:4912 [6] NCCL INFO Channel 18/32 :    0
dt-12537b84df9046a1a6f633d4d81342a1-worker-3f222fcf439a-0:83:4912 [6] NCCL INFO Channel 19/32 :    0
dt-12537b84df9046a1a6f633d4d81342a1-worker-3f222fcf439a-0:83:4912 [6] NCCL INFO Channel 20/32 :    0
dt-12537b84df9046a1a6f633d4d81342a1-worker-3f222fcf439a-0:83:4912 [6] NCCL INFO Channel 21/32 :    0
dt-12537b84df9046a1a6f633d4d81342a1-worker-3f222fcf439a-0:83:4912 [6] NCCL INFO Channel 22/32 :    0
dt-12537b84df9046a1a6f633d4d81342a1-worker-3f222fcf439a-0:83:4912 [6] NCCL INFO Channel 23/32 :    0
dt-12537b84df9046a1a6f633d4d81342a1-worker-3f222fcf439a-0:83:4912 [6] NCCL INFO Channel 24/32 :    0
dt-12537b84df9046a1a6f633d4d81342a1-worker-3f222fcf439a-0:83:4912 [6] NCCL INFO Channel 25/32 :    0
dt-12537b84df9046a1a6f633d4d81342a1-worker-3f222fcf439a-0:83:4912 [6] NCCL INFO Channel 26/32 :    0
dt-12537b84df9046a1a6f633d4d81342a1-worker-3f222fcf439a-0:83:4912 [6] NCCL INFO Channel 27/32 :    0
dt-12537b84df9046a1a6f633d4d81342a1-worker-3f222fcf439a-0:83:4912 [6] NCCL INFO Channel 28/32 :    0
dt-12537b84df9046a1a6f633d4d81342a1-worker-3f222fcf439a-0:83:4912 [6] NCCL INFO Channel 29/32 :    0
dt-12537b84df9046a1a6f633d4d81342a1-worker-3f222fcf439a-0:83:4912 [6] NCCL INFO Channel 30/32 :    0
dt-12537b84df9046a1a6f633d4d81342a1-worker-3f222fcf439a-0:83:4912 [6] NCCL INFO Channel 31/32 :    0
dt-12537b84df9046a1a6f633d4d81342a1-worker-3f222fcf439a-0:83:4912 [6] NCCL INFO Trees [0] -1/-1/-1->0->-1 [1] -1/-1/-1->0->-1 [2] -1/-1/-1->0->-1 [3] -1/-1/-1->0->-1 [4] -1/-1/-1->0->-1 [5] -1/-1/-1->0->-1 [6] -1/-1/-1->0->-1 [7] -1/-1/-1->0->-1 [8] -1/-1/-1->0->-1 [9] -1/-1/-1->0->-1 [10] -1/-1/-1->0->-1 [11] -1/-1/-1->0->-1 [12] -1/-1/-1->0->-1 [13] -1/-1/-1->0->-1 [14] -1/-1/-1->0->-1 [15] -1/-1/-1->0->-1 [16] -1/-1/-1->0->-1 [17] -1/-1/-1->0->-1 [18] -1/-1/-1->0->-1 [19] -1/-1/-1->0->-1 [20] -1/-1/-1->0->-1 [21] -1/-1/-1->0->-1 [22] -1/-1/-1->0->-1 [23] -1/-1/-1->0->-1 [24] -1/-1/-1->0->-1 [25] -1/-1/dt-12537b84df9046a1a6f633d4d81342a1-worker-3f222fcf439a-0:77:4908 [0] NCCL INFO Connected all rings
dt-12537b84df9046a1a6f633d4d81342a1-worker-3f222fcf439a-0:77:4908 [0] NCCL INFO Connected all trees
dt-12537b84df9046a1a6f633d4d81342a1-worker-3f222fcf439a-0:77:4908 [0] NCCL INFO 32 coll channels, 0 collnet channels, 0 nvls channels, 32 p2p channels, 32 p2p channels per peer
dt-12537b84df9046a1a6f633d4d81342a1-worker-3f222fcf439a-0:77:4908 [0] NCCL INFO comm 0x55e3c02a0f30 rank 0 nranks 1 cudaDev 0 nvmlDev 0 busId 10000 commId 0xe51299eaaa7cb2ed - Init COMPLETE
dt-12537b84df9046a1a6f633d4d81342a1-worker-3f222fcf439a-0:77:4955 [0] NCCL INFO Using non-device net plugin version 0
dt-12537b84df9046a1a6f633d4d81342a1-worker-3f222fcf439a-0:77:4955 [0] NCCL INFO Using network IB
dt-12537b84df9046a1a6f633d4d81342a1-worker-3f222fcf439a-0:78:4956 [1] NCCL INFO bootstrapSplit: comm 0x56516adee9e0 parent 0x5651467cf340 rank 1 nranks 2 color 45770067 key 1 prev 8 next 8 - DONE
dt-12537b84df9046a1adt-12537b84df9046a1a6f633d4ddt-12537b84df9046a1a6f633d4d81342a1-worker-3f222fcf439a-0:83:4952 [6] NCCL INFO bootstrapSplit: comm 0x555d6393aee0 parent 0x555d3db31dd0 rdt-12537b84df9046a1a6f633d4d81342a1-worker-3f222fcf439a-0:78:4956 [1] NCCL INFO Setting affinity for GPU 1 to 0fffff,ff000000,0fffffff
dt-12537b84df9046a1a6f633d4d81342a1-worker-3f222fcf439a-0:77:4955dt-12537b84df9046a1adt-12537b84df9046a1a6f633ddtdt-12537b84df9046a1a6f633d4d81342a1-worker-3f222fcf439a-0:81:4949 [4] NCCL INFO Setting affinity for GPU 4 to ffff,fff00000,00ffffff,f000000dtdt-12537b84df9046a1a6f633d4d81342a1-worker-3f222fcf439a-0:81:4949 [4] NCCL INFO comm 0x563dff72ad00 rank 0 nRanks 2 nNodes 1 localRanks 2 localRank 0 MNNVL dt-12537b84df9046a1a6f633d4d81342a1-worker-3f222fcf439a-0:82:4950 [5] NCCL INFO Trees [0] -1/-1/-1->1->0 [1] -1/-1/-1->1->0 [2] -1/-1/-1->1->0 [3] -1/-1/-1->1->0 [4] 0/-1/-1->1->-1 [5] 0/-1/-1->1->-1 [6] 0/-1/-1->1->-1 [7] 0/-1/-1->1->-1 [8] -1/-1/-1->1->0 [9] -1/-1/-1->1->0 [10] -1/-1/-1->1->0 [11] -1/-1/-1->1->0 [12] 0/-1/-1->1->-1 [13] 0/-1/-1->1->-1 [14] 0/-1/-1->1->-1 [15] 0/-1/-1->1->-1
dt-12537b84df9046a1a6f633d4d81342a1-worker-3f222fcf439a-0:82:4950 [5] NCCL INFO P2dt-12537b84df9046a1a6f633ddt-12537b84df9046a1a6f633d4d81342a1-worker-3f222fcf439a-0:82:4950 [5] NCCL INFO Channel 00/0 : 1[5] -> 0[4] via P2P/CUMEM/read
dt-12537b84df9046a1a6f633d4d81342a1-worker-3f222fcf439a-0:82:4950 [5] NCCL INFO Channel 01/0 : 1[5] -> 0[4] via P2P/CUMEM/read
dt-12537b84df9046a1a6f633d4d81342a1-worker-3f222fcf439a-0:82:4950 [5] NCCL INFO Channel 02/0 : 1[5] -> 0[4] via P2P/CUMEM/read
dt-12537b84df9046a1a6f633d4d81342a1-worker-3f222fcf439a-0:82:4950 [5] NCCL INFO Channel 03/0 : 1[5] -> 0[4] via P2P/CUMEM/read
dt-12537b84df9046a1a6f633d4d81342a1-worker-3f222fcf439a-0:82:4950 [5] NCCL INFO Channel 04/0 : 1[5] -> 0[4] via P2P/CUMEM/read
dt-12537b84df9046a1a6f633d4d81342a1-worker-3f222fcf439a-0:82:4950 [5] NCCL INFO Channel 05/0 : 1[5] -> 0[4] via P2P/CUMEM/read
dt-12537b84df9046a1a6f633d4d81342a1-worker-3f222fcf439a-0:82:4950 [5] NCCL INFO Channel 06/0 : 1[5] -> 0[4] via P2P/CUMEM/read
dt-12537b84df9046a1a6f633d4d81342a1-worker-3f222fcf439a-0:82:4950 [5] NCCL INFO Channel 07/0 : 1[5] -> 0[4] via P2P/CUMEM/read
dt-12537b84df9046a1a6f633d4d81342a1-worker-3f222fcf439a-0:82:4950 [5] NCCL INFO Channel 08/0 : 1[5] -> 0[4] via P2P/CUMEM/read
dt-12537b84df9046a1a6f633d4d81342a1-worker-3f222fcf439a-0:82:4950 [5] NCCL INFO Channel 09/0 : 1[5] -> 0[4] via P2P/CUMEM/read
dt-12537b84df9046a1a6f633d4d81342a1-worker-3f222fcf439a-0:82:4950 [5] NCCL INFO Channel 10/0 : 1[5] -> 0[4] via P2P/CUMEM/read
dt-12537b84df9046a1a6f633d4d81342a1-worker-3f222fcf439a-0:82:4950 [5] NCCL INFO Channel 11/0 : 1[5] -> 0[4] via P2P/CUMEM/read
dt-12537b84df9046a1a6f633d4d81342a1-worker-3f222fcf439a-0:82:4950 [5] NCCL INFO Channel 12/0 : 1[5] -> 0[4] via P2P/CUMEM/read
dt-12537b84df9046a1a6f633d4d81342a1-worker-3f222fcf439a-0:82:4950 [5] NCCL INFO Channel 13/0 : 1[5] -> 0[4] via P2P/CUMEM/read
ddt-12537b84df9046a1a6f633d4d81342a1-worker-3f222fcf439a-0:78:4956 [1] NCCL INFO Connected all rings
dt-12537b84df9046a1a6f633d4d81342a1-worker-3f222fcf439a-0:78:4956 [1] NCCL INFO Connected all trees
dt-12537b84df9046a1a6f633dddt-12537b84df9046a1a6f633ddt-12537b84df9046a1a6f633d4d81342a1-worker-3f222fcf439a-0:82:4950 [5] NCCL INFO Connected all rings
dt-12537b84df9046a1a6f633d4d81342a1-worker-3f222fcf439a-0:82:4950 [5] NCCL INFO Connected all trees
dt-12537b84df9046a1a6f633d4d81342a1-worker-3f222fcf439a-0:82:4950 [5] NCCL INFO threadThresholds 8/8/64 | 16/8/64 | 512 | 512
dt-12537b84df9046a1a6f633d4d81342a1-worker-3f222fcf439a-0:82:4950 [5] NCCL INFO 16 coll channels, 0 collnet channedt-12537b84df9046a1a6f633d4d81342a1-worker-3f222fcf439a-0:78:4986 [1] NCCL INFO Using non-device net plugin version 0
dt-12537b84df9046a1a6f633d4d81342a1-worker-3f222fcf439a-0:78:4986 [1] NCCL INFO Using network IB
dt-12537b84df9046a1a6f633d4d81342a1-worker-3f222fcf439a-0:78:4986 [1] NCCL INFO bootstrapSplit: comm 0x56516e1c5ce0 parent 0x5651467cf340 rank 1 nranks 2 color 45770067 key 1 prev 8 next 8 - DONE
dt-12537b84df9046a1a6f633d4d81342a1-worker-3f222fcf439a-0:78:4986 [1] NCCL INFO comm 0x56516e1c5ce0 rank 1 nranks 2 cudaDev 1 nvmlDev 1 busId 16000 commId 0x944a656db5e48353 - Init START
dt-12537b84df9046a1a6f633d4d81342a1-worker-3f222fcf439a-0:78:4986 [1] NCCL INFO Setting affinity for GPU 1 to 0fffff,ff000000,0fffffff
dt-12537b84df9046a1a6f633d4d81342a1-worker-3f222fcf439a-0:78:4986 [1] NCCL INFO comm 0x56516e1c5ce0 rank 1 nRanks 2 nNodesdt-12537b84df9046a1a6f633d4d81342a1-worker-3f222fcf439a-0:82:4992 [5] NCCL INFO Setting affinity for GPU 5 to ffff,fff00000,00ffffff,f0000000
dt-12537b84df9046a1a6f633d4d81342a1-worker-3f222fcf439a-0:82:4992 [5] NCCL INFO comm 0x559d8c61fc40 rank 1 nRanks 2 nNodes 1 localRanks 2 localRank 1 MNNVL 0
dt-12537b84df9046a1a6f633d4d81342a1-worker-3f222fcf439a-0:82:4992 [5] NCCL INFO Trees [0] -1/-1/-1->1->0 [1] -1/-1/-1->1->0 [2] -1/-1/-1->1->0 [3] -1/-1/-1->1->0 [4] 0/-1/-1->1->-1 [5] 0/-1/-1->1->-1 [6] 0/-1/-1->1->-1 [7] 0/-1/-1->1->-1 [8dt-12537b84df9046a1a6f633d4d81342a1-worker-3f222fcf439a-0:78:4986 [1] NCCL INFO Channel 00/0 : 1[1] -> 0[0] via P2P/CUMEM/read
dt-12537b84df9046a1a6f633d4d81342a1-worker-3f222fcf439a-0:78:4986 [1] NCCL INFO Channel 01/0 : 1[1] -> 0[0] via P2P/CUMEM/read
dt-12537b84df9046a1a6f633d4d81342a1-worker-3f222fcf439a-0:78:4986 [1] NCCL INFO Channel 02/0 : 1[1] -> 0[0] via P2P/CUMEM/read
dt-12537b84df9046a1a6f633d4d81342a1-worker-3f222fcf439a-0:78:4986 [1] NCCL INFO Channel 03/0 : 1[1] -> 0[0] via P2P/CUMEM/read
dt-12537b84df9046a1a6f633d4d81342a1-worker-3f222fcf439a-0:78:4986 [1] NCCL INFO Channel 04/0 : 1[1] -> 0[0] via P2P/CUMEM/read
dt-12537b84df9046a1a6f633d4d81342a1-worker-3f222fcf439a-0:78:4986 [1] NCCL INFO Channel 05/0 : 1[1] -> 0[0] via P2P/CUMEM/read
dt-12537b84df9046a1a6f633d4d81342a1-worker-3f222fcf439a-0:78:4986 [1] NCCL INFO Channel 06/0 : 1[1] -> 0[0] via P2P/CUMEM/read
dt-12537b84df9046a1a6f633d4d81342a1-worker-3f222fcf439a-0:78:4986 [1] NCCL INFO Channel 07/0 : 1[1] -> 0[0] via P2P/CUMEM/read
dt-12537b84df9046a1a6f633d4d81342a1-worker-3f222fcf439a-0:78:4986 [1] NCCL INFO Channel 08/0 : 1[1] -> 0[0] via P2P/CUMEM/read
dt-12537b84df9046a1a6f633d4d81342a1-worker-3f222fcf439a-0:78:4986 [1] NCCL INFO Channel 09/0 : 1[1] -> 0[0] via P2P/CUMEM/read
dt-12537b84df9046a1a6f633d4d81342a1-worker-3f222fcf439a-0:78:4986 [1] NCCL INFO Channel 10/0 : 1[1] -> 0[0] via P2P/CUMEM/read
dt-12537b84df9046a1a6f633d4d81342a1-worker-3f222fcf439a-0:78:4986 [1] NCCL INFO Channel 11/0 : 1[1] -> 0[0] via P2P/CUMEM/read
dt-12537b84df9046a1a6f633d4d81342a1-worker-3f222fcf439a-0:78:4986 [1] NCCL INFO Channel 12/0 : 1[1] -> 0[0] via P2P/CUMEM/read
dt-12537b84df9046a1a6f633d4d81342a1-worker-3f222fcf439a-0:78:4986 [1] NCCL INFO Channel 13/0 : 1[1] -> 0[0] via P2P/CUMEM/read
dt-12537b84df9046a1a6f633d4d81342a1-worker-3f222fcf439a-0:78:4986 [1] NCCL INFO Channel 14/0 : 1[1] -> 0[0] via P2P/CUMEM/read
dt-12537b84df9046a1a6f633d4d81342a1-worker-3f222fcf439a-0:78:4986 [1] NCCL INFO Channel 15/0 : 1[1] -> 0[0] via P2P/CUMEM/read
dt-12537b84df9046a1a6f633d4d81342a1-worker-3f222fcf439a-0:78:4986 [1] NCCL INFO Connected all rings
dt-12537b84df9046a1a6f633d4d81342a1-worker-3f222fcf439a-0:78:4986 [1] NCCL INFO Connected all trees
dt-12537b84df9046a1a6f633d4d81342a1-wodt-12537b84df9046a1a6f633d4d81342a1-worker-3f222fcf439a-0:84:4989 [7] NCCL INFO Connected all rings
dt-12537b84df9046a1a6f633d4d81342a1-worker-3f222fcf439a-0:84:4989 [7] NCCL INFO Connected all trees
dt-12537b84df9046a1a6f633d4d81342a1-worker-3f222fcf439a-0:84:4989dt-12537b84df9046a1a6f633d4d81342a1-worker-3f222fcf439a-0:78:4986 [1] NCCL INFO comm 0x56516e1c5ce0 rank 1 nranks 2 cudaDev 1 nvmlDev 1 busId 16000 commId 0x944a656db5e48353 - Init COMPLETE
dt-12537b84df9046a1a6f633d4d81342a1-worker-3f222fcf439a-0:78:5022 [1] NCCL INFO Channel 00/1 : 1[1] -> 0[0] via P2P/CUMEM/read
dt-12537b84df9046a1a6f633d4d81342a1-worker-3f222fcf439a-0:78:5022 [1] NCCL INFO Channel 01/1 : 1[1] -> 0[0] viadt-12537b84df904dt-12537b84df9046a1a6f633d4d81342a1-worker-3f222fcf439a-0:78:5022 [1] NCCL INFO Channel 02/1 : 1[1] -> 0[0] viadt-12537b84df904dt-12537b84df9046a1a6f633d4d81342a1-worker-3f222fcf439a-0:78:5022 [1] NCCL INFO Channel 03/1 : 1[1] -> 0[0] viadt-12537b84df904dt-12537b84df9046a1a6f633d4d81342a1-worker-3f222fcf439a-0:78:5022 [1] NCCL INFO Channel 04/1 : 1[1] -> 0[0] viadt-12537b84df904dt-12537b84df9046a1a6f633d4d81342a1-worker-3f222fcf439a-0:78:5022 [1] NCCL INFO Channel 05/1 : 1[1] -> 0[0] viadt-12537b84df904dt-12537b84df9046a1a6f633d4d81342a1-worker-3f222fcf439a-0:78:5022 [1] NCCL INFO Channel 06/1 : 1[1] -> 0[0] viadt-12537b84df904dt-12537b84df9046a1a6f633d4d81342a1-worker-3f222fcf439a-0:78:5022 [1] NCCL INFO Channel 07/1 : 1[1] -> 0[0] viadt-12537b84df904dt-12537b84df9046a1a6f633d4d81342a1-worker-3f222fcf439a-0:78:5022 [1] NCCL INFO Channel 08/1 : 1[1] -> 0[0] viadt-12537b84df904dt-12537b84df9046a1a6f633d4d81342a1-worker-3f222fcf439a-0:78:5022 [1] NCCL INFO Channel 09/1 : 1[1] -> 0[0] viadt-12537b84df9046a1a6f633d4d81342a1-worker-3f222fcf439a-0:84:5024 [7] NCCL INFO Channel 08/1 : 1[7] -> 0[6] via P2P/CUMEM/read
dt-12537b84df9046a1a6f633d4d81342a1-worker-3f222fcf439a-0:84:5024 [7] NCCL INFO Channel 09/1 : 1[7] -> 0[6] via P2P/CUMEM/read
dt-12537b84df9046a1a6f633d4d81342a1-worker-3f222fcf439a-0:84:5024 [7] NCCL INFO Channel 10/1 : 1[7] -> 0[6] via P2P/CUMEM/read
dt-12537b84df9046a1a6f633d4d81342a1-worker-3f222fcf439a-0:84:5024 [7] NCCL INFO Channel 11/1 : 1[7] -> 0[6] via P2P/CUMEM/read
dt-12537b84df9046a1a6f633d4d81342a1-worker-3f222fcf439a-0:84:5024 [7] NCCL INFO Channel 12/1 : 1[7] -> 0[6] via P2P/CUMEM/read
dt-12537b84df9046a1a6f633d4d81342a1-worker-3f222fcf439a-0:84:5024 [7] NCCL INFO Channel 13/1 : 1[7] -> 0[6] via P2P/CUMEM/read
dt-12537b84df904dt-12537b84df9046a1a6f633d4d81342a1-worker-3f222fcf439a-0:78:5190 [1] NCCL INFO Using non-device net plugin version 0
dt-12537b84df9046a1a6f633d4d81342a1-worker-3f222fcf439a-0:78:5190 [1] NCCL INFO Using network IB
dt-12537b84df9046a1a6f633d4d81342a1-worker-3f222fcf439a-0:78:5190 [1] NCCL INFO bootstrapSplit: comm 0x565171de3a00 parent 0x5651467cf340 rank 9 nranks 16 color 1197013201 key 9 prev 8 next 10 - DONE
dt-12537b84df9046a1a6f633d4d8dt-12537b84df9046a1a6f633d4d81342a1dt-12537b84df9046a1a6f633d4d81342a1-worker-3f222fcf439a-0:82:5187 [5] NCCL INFO bootstrapSplit: comm 0x559d9023dd40 parent 0dt-12537b84df9046a1a6f633d4d81342a1-worker-3f222fcf439a-0:78:5190 [1] NCCL INFO Setting affinity for GPU 1 to 0fffff,ff000000,0fffffff
dt-12537b84df9046a1a6f633d4d81342a1-worker-3f222fcf439a-0:78:5190 [1] NCCL INFO NVLS multicast supdt-12537b84df9046a1a6f633d4d813dt-12537b84df9046a1a6f633d4d81342a1-worker-3f222fcf439a-0:78:5190 [1] NCCL INFO comm 0x565171de3a00 rank 9 nRanks 16 nNodes 2 localRanks 8 localRank 1 MNNVL 0
dt-12537b84df9046a1a6f633d4d81342a1-worker-3f222fcf439a-0:78:5190 [1] NCCL INFO Trees [0] 10/-1/-1->9->8 [1] 8/-1/-1->9->1 [2] -1/-1/-1->9->8 [3] 8/-1/-1->9->10 [4] 10/-1/-1->9->8 [5] 8/-1/-1->9->10 [6] 10/-1/-1->9->8 [7] 8/-1/-1->9->10 [8] 10/-1/-1->9->8 [9] 8/1/-1->9->-1 [10] -1/-1/-1->9->8 [11] 8/-1/-1->9->10 [12] 10/-1/-1->9->8 [13] 8/-1/-1->9->10 [14] 10/-1/-1->9->8 [15] 8/-1/-1->9->10
dt-12537b84df9046a1a6f633d4d81342a1-worker-3f222fcf439a-0:78:5190 [1] NCCL INFO P2P Chunksize set to 131072
dt-12537b84df9046a1a6f633d4d81342a1-worker-3f222fcf439a-0:78:5190 [1] NCCL INFO Channel 01/0 : 9[1] -> 10[2] via P2P/CUMEM/read
dt-12537b84df9046a1a6f633d4d81342a1-worker-3f222fcf439a-0:78:5190 [1] NCCL INFO Channel 03/0 : 9[1] -> 10[2] via P2P/CUMEM/read
dt-12537b8dt-12537b84df9046a1a6f633d4d81342a1-worker-3f222fcf439a-0:80:5192 [3] NCCL INFO Channel 01/0 : 11[3] -> 12[4] via P2P/CUMEM/read
dt-12537b84df9046a1a6f633d4d81342a1-worker-3f222fcf439a-0:80:5192 [3] NCCL INFO Channel 03/0 : 11[3] -> 12[4] via P2P/CUMEM/read
dt-12537b84df9046a1a6f633d4d81342a1-worker-3f222fcf439a-0:80:5192 [3] NCCL INFO Channel 05/0 : 11[3] -> 12[4] via P2P/CUMEM/read
dt-12537b84df9046a1a6f633d4d81342a1-worker-3f222fcf439a-0:80:5192 [3] NCCL INFO Channel 07/0 : 11[3] -> 12[4] via P2P/CUMEM/read
dt-12537b84df9046a1a6f633d4d81342a1-worker-3f222fcf439a-0:80:5192 [3] NCCL INFO Channel 09/0 : 11[3] -> 12[4] via P2P/CUMEM/read
dt-12537b84df9046a1a6f633d4d81342a1-worker-3f222fcf439a-0:80:5192 [3] NCCL INFO Channel 11/0 : 11[3] -> 12[4] viadt-12537b84df9046a1a6f633d4d81342a1-worker-3f222fcf439a-0:78:5190 [1] NCCL INFO Channel 00/0 : 9[1] -> 0[0] [send] via NET/IB/1/GDRDMA
dt-12537b84df9046a1a6f633d4d81342a1-worker-3f222fcf439a-0:78:5190 [1] NCCL INFO Channel 08/0 : 9[1] -> 0[0] [send] via NET/IB/1/GDRDMA
dt-12537b84df9046a1a6f633d4d81342a1-worker-3f222fcf439a-0:78:5190 [1] NCCL INFO Channel 01/0 : 0[0] -> 9[1] [receive] via NET/IB/5/GDRDMA
dt-12537b84df9046a1a6f633d4d81342a1-worker-3f222fcf439a-0:78:5190 [1] NCCL INFO Channel 09/0 : 0[0] -> 9[1] [receive] via NET/IB/5/GDRDMA
dt-12537b84df9046a1a6f633d4d81342a1-worker-3f222fcf439a-0:78:5190 [1] NCCL INFO Channel 02/0 : 9[1] -> 8[0] via P2P/CUMEM/read
dt-12537b84df9046a1a6f633d4d81342a1-worker-3f222fcf439a-0:78:5190 [1] NCCL INFO Channel 04/0 : 9[1] -> 8[0] via P2P/CUMEM/read
dt-12537b84df9046a1a6f633d4d81342a1-worker-3f222fcf439a-0:78:5190 [1] NCCL INFO Channel 06/0 : 9[1] -> 8[0] via P2P/CUMEM/read
dt-12537b84df9046a1a6f633d4d81342a1-worker-3f222fcf439a-0:78:5190 [1] NCCL INFO Channel 10/0 : 9[1] -> 8[0] via P2P/CUMEM/read
dt-12537b84df9046a1a6f633d4d81342a1-worker-3f222fcf439a-0:78:5190 [1] NCCL INFO Channel 12/0 : 9[1] -> 8[0] via P2P/CUMEM/read
dt-12537b84df9046a1a6f633d4d81342a1-worker-3f222fcf439a-0:78:5190 [1] NCCL INFO Channel 14/0 : 9[1] -> 8[0] via P2P/CUMEM/read
dt-12537b84df9046a1a6f633d4d81342a1-worker-3f222fcf439a-0:78:5190 [1] NCCL INFO Connected all rer-3f222fcf439a-0:80:523dt-12537b84df9046a1a6f633d4d81342a1-master-3f222fcf439a-0:86:5241 [7] NCCL INFO Channel 07/0 : 15[7] -> 7[7] [receive] via NET/IB/2/GDRDMA
dt-12537b84df9046a1a6f633d4d81342a1-master-3f222fcf439a-0:86:5241 [7] NCCL INFO Channel 15/0 : 15[7] -> 7[7] [receive] via NET/IB/2/GDRDMA
dt-12537b84df9046a1a6f633d4d81342a1-master-3f222fcf439a-0:86:5241 [7] NCCL INFO Channel 07/0 : 7[7] -> 15[7] [send] via NET/IB/2/GDRDMA
dt-12537b84df9046a1a6f633d4d81342a1-master-3f222fcf439a-0:86:5241 [7] NCCL INFO Channel 15/0 : 7[7] -> 15[7] [send] via NET/IB/2/GDRDMA
dt-12537b84df9046a1a6f633d4d81342a1-master-3f222fcf439a-0:86:5241 [7] NCCL INFO Channel 02/0 : 7[7] -> 0[0] via P2P/CUMEM/read
dt-12537b84df9046a1a6f633d4d81342a1-master-3f222fcf439a-0:86:5241 [7] NCCL INFO Channel 04/0 : 7[7] -> 0[0] via P2P/CUMEM/read
dt-12537b84df9046a1a6f633d4d81342a1-master-3f222fcf439a-0:86:5241 [7] NCCL INFO Channel 06/0 : 7[7] -> 0[0] via P2P/CUMEM/read
dt-12537b84df9046a1a6f633d4d81342a1-master-3f222fcf439a-0:86:5241 [7] NCCL INFO Channel 10/0 : 7[7] -> 0[0] via P2P/CUMEM/read
dt-12537b84df9046a1a6f633d4d81342a1-master-3f222fcf439a-0:86:5241 [7] NCCL INFO Channel 12/0 : 7[7] -> 0[0] via P2P/CUMEM/read
dt-12537b84df9046a1a6f633d4d81342a1-master-3f222fcf439a-0:86:5241 [7] NCCL INFO Channel 14/0 : 7[7] -> 0[0] via P2P/CUMEM/read
dt-12537b84df9046a1a6f633d4d81342a1-master-3f222fcf439a-0:86:5241 [7] NCCL INFO Channel 01/0 : 7[7] -> 6[6] via P2P/CUMEM/read
dt-12537b84df9046a1a6f633d4d81342a1-master-3f222fcf439a-0:86:5241 [7] NCCL INFO Channel 03/0 : 7[7] -> 6[6] via P2P/CUMEM/read
dt-12537b84df9046a1a6f633d4d81342a1-master-3f222fcf439a-0:86:5241 [7] NCCL INFO Channel 05/0 : 7[7] -> 6[6] via P2P/CUMEM/read
dt-12537b84df9046a1a6f633d4d81342a1-master-3f222fcf439a-0:86:5241 [7] NCCL INFO Channel 06/0 : 7[7] -> 6[6] via P2P/CUMEM/read
dt-12537b84df9046a1a6f633d4d81342a1-master-3f222fcf439a-0:86:5241 [7] NCCL INFO Channel 07/0 : 7[7] -> 6[6] via P2P/CUMEM/read
dt-12537b84df9046a1a6f633d4d81342a1-master-3f222fcf439a-0:86:5241 [7] NCCL INFO Channel 09/0 : 7[7] -> 6[6] via P2P/CUMEM/read
dt-12537b84df9046a1a6f633d4d81342a1-master-3f222fcf439a-0:86:5241 [7] NCCL INFO Channel 11/0 : 7[7] -> 6[6] via P2P/CUMEM/read
dt-12537b84df9046a1a6f633d4d81342a1-master-3f222fcf439a-0:86:5241 [7] NCCL INFO Channel 13/0 : 7[7] -> 6[6] via P2P/CUMEM/read
dt-12537b84df9046a1a6f633d4d81342a1-master-3f222fcf439a-0:86:5241 [7] NCCL INFO Channel 14/0 : 7[7] -> 6[6] via P2P/CUMEM/read
dt-12537b84df9046a1a6f633d4d81342a1-master-3f222fcf439a-0:8dt-12537b84df9046a1a6f633d4d81342a1-master-3f222fcf439a-0:80:5236 [1] NCCL INFO Connected all trees
dt-12537b84df9046a1a6f633d4d81342a1-master-3f222fcf439a-0:80:5236 [1] NCCL INFO threadThresholds 8/8/64 | 128/8/64 | 512 | 512
dt-12537b84df9046a1a6f633d4d81342a1-master-3f222fcf439a-0:80:5236 [1] NCCL INFO 16 coll channels, 0 collnet channels, 0 nvls channels, 16 p2p channels, 2 p2p channels per peer
dt-12537b84df9046a1a6f63dt-12537b84df9046a1a6f633d4d81342a1-master-3f222fcf439a-0:82:5237 [3] NCCL INFO comm 0x562a3effaf40 rank 3 nranks 16 cudaDev 3 nvmlDev 3 busId 2e000 commId 0x7fd9f5ab9dt-12537b84df9046a1a6f633d4d81342a1-master-3f222fcf439a-0:80:5433 [1] NCCL INFO Using non-device net plugin version 0
dt-12537b84df9046a1a6f633d4d81342a1-master-3f222fcf439a-0:80:5433 [1] NCCL INFO Using network IB
dt-12537b84df9046a1a6f63dt-12537b84df9046a1a6f633d4d81342a1-master-3f222fcf439a-0:82:5430 [3] NCCL INFO bootstrapSplit: comm 0x7f69a8480620 parent 0x562a1302fb60 rank 3 nranks 16 color 1197013201 key 3 prev 2 next 4 - DONE
dt-12537b84df9046a1a6f633d4d81342a1-master-3f222fcf439a-0:82:5430 [3] NCCL INFO comm 0x7f69a8480620 rank 3 nranks 16 cudaDev 3 nvmlDev 3 busId 2e000 commId 0x7fd9f5dt-12537b84df9046a1a6f633d4d81342a1-master-3f222fcf439a-0:80:5433 [1dt-12537b84df9046a1a6f633d4d81342a1-master-3f222fcf439a-0:86:5434 [7] NCCL INFO Setting affinity for GPU 7 to ffff,fff00000,00ffffff,f0000000
dt-12537b84df9046a1a6f633d4d81342a1-master-3f222fcf439dt-12537b84df9046a1a6f633d4d81342a1-master-3f222fcf439a-0:80:5433 [1] NCCL INFO comm 0x7f68544c5f50 rank 1 nRanks 16 nNodes 2 localRanks 8 localRank 1 MNNVL 0
dt-12537b84df9046a1a6f633d4d81342a1-master-3f222fcf439a-0:80:5433 [1] NCCL INFO Trees [0] 2/-1/-1->1->0 [1] 0/9/-1->1->-1 [2] -1/-1/-1->1->0 [3] 0/-1/-1->1->2 [4] 2/-1/-1->1->0 [5] 0/-1/-1->1->2 [6] 2/-1/-1->1->0 [7] 0/-1/-1->1->2 [8] 2/-1/-1->1->0 [9] 0/-1/-1->1->9 [10] -1/-1/-1->1->0 [11] 0/-1/-1->1->2 [12] 2/-1/-1->1->0 [13] 0/-1/-1->1->2 [14] 2/-1/-1->1->0 [15] 0/-1/-1->1->2
dt-12537b84df9046a1a6f633d4d81342a1-master-3f222fcf439a-0:80:5433 [1] NCCL INFO P2P Chunksize set to 131072
dt-12537b84df9046a1a6f633d4d81342a1-master-3f222fcf439a-0:80:5433 [1] NCCL INdt-12537b84df9046a1a6f633d4d81342a1-master-3f222fcf439a-0:86:5434 [7] NCCL INFO Channel 06/0 : 7[7] -> 14[6] [send] via NET/IB/6/GDRDMA
dt-12537b84df9046a1a6f633d4d81342a1-master-3f222fcf439a-0:86:5434 [7] NCCL INFO Channel 14/0 : 7[7] -> 14[6] [send] via NET/IB/6/GDRDMA
dt-12537b84df9046a1a6f633d4d81342a1-master-3f222fcf439a-0:86:5434 [7] NCCL INFO Channel 07/0 : 14[6] -> 7[7] [receive] via NET/IB/2/GDRDMA
dt-12537b84df9046a1a6f633d4d81342a1-master-3f222fcf439a-0:86:5434 [7] NCCL INFO Channel 15/0 : 14[6] -> 7[7] [receive] via NET/IB/2/GDRDMA
dt-12537b84df9046a1a6f633d4d81342a1-master-3f222fcf439a-0:86:5434 [7] NCCL INFO Channel 01/0 : 7[7] -> 0[0] via P2P/CUMEM/read
dt-12537b84df9046a1a6f633d4d81342a1-master-3f222fcf439a-0:86:5434 [7] NCCL INFO Channel 03/0 : 7[7] -> 0[0] via P2P/CUMEM/read
dt-12537b84df9046a1a6f633d4d81342a1-master-3f222fcf439a-0:86:5434 [7] NCCL INFO Channel 05/0 : 7[7] -> 0[0] via P2P/CUMEM/read
dt-12537b84df9046a1a6f633d4d81342a1-master-3f222fcf439a-0:86:5434 [7] NCCL INFO Channel 07/0 : 7[7] -> 0[0] via P2P/CUMEM/read
dt-12537b84df9046a1a6f633d4d81342a1-master-3f222fcf439a-0:86:5434 [7] NCCL INFO Channel 09/0 : 7[7] -> 0[0] via P2P/CUMEM/read
dt-12537b84df9046a1a6f633d4d81342a1-master-3f222fcf439a-0:86:5434 [7] NCCL INFO Channel 11/0 : 7[7] -> 0[0] via P2P/CUMEM/read
dt-12537b84df9046a1a6f633d4d81342a1-master-3f222fcf439a-0:86:5434 [7] NCCL INFO Channel 13/0 : 7[7] -> 0[0] via P2P/CUMEM/read
dt-12537b84df9046a1a6f633d4d81342a1-master-3f222fcf439a-0:86:5434 [7] NCCL INFO Channel 15/0 : 7[7] -> 0[0] via P2P/CUMEM/read
dt-12537b84df9046a1a6f633d4d81342a1-master-3f222fcf439a-0:86:5434 [7] NCCL INFO Channel 00/0 : 7[7] -> 6[6] via P2P/CUMEM/read
dt-12537b84df9046a1a6f633d4d81342a1-master-3f222fcf439a-0:86:5434 [7] NCCL INFO Channel 02/0 : 7[7] -> 6[6] via P2P/CUMEM/read
dt-12537b84df9046a1a6f633d4d81342a1-master-3f222fcf439a-0:86:5434 [7] NCCL INFO Channel 04/0 : 7[7] -> 6[6] via P2P/CUMEM/read
dt-12537b84df9046a1a6f633d4d81342a1-master-3f222fcf439a-0:86:5434 [7] NCCL INFO Channel 08/0 : 7[7] -> 6[6] via P2P/CUMEM/read
dt-12537b84df9046a1a6f633d4d81342a1-master-3f2dt-12537b84df9046a1a6f633d4d81342a1-master-3f222fcf439a-0:80:5433 [1] NCCL INFO Cdt-12537b84df9046a1a6f633d4d81342a1-master-3f2dt-12537b84df9046a1a6f633d4d81342a1-master-3f222fcf439a-0:80:5433 [1] NCCL INFO Connected all rings
dt-12537b84df9046a1a6f633d4d81342a1-master-3f222fcf439a-0:80:5433 [1] NCCL INFO Cdt-12537b84df9046a1a6f633d4d81342a1-master-3f222fcf439a-0:86:5434 [7] NCCL INFO Channel 07/0 : 15[7] -> 7[7] [receive] via NET/IB/2/GDRDMA
dt-12537b84df9046a1a6f633d4d81342a1-master-3f222fcf439a-0:86:5434 [7] NCCL INFO Channel 15/0 : 15[7] -> 7[7] [receive] via NET/IB/2/GDRDMA
dt-12537b84df9046a1a6f633d4d81342a1-master-3f222fcf439a-0:86:5434 [7] NCCL INFO Channel 07/0 : 7[7] -> 15[7] [send] via NET/IB/2/GDRDMA
dt-12537b84df9046a1a6f633d4d81342a1-master-3f222fcf439a-0:86:5434 [7] NCCL INFO Channel 15/0 : 7[7] -> 15[7] [send] via NET/IB/2/GDRDMA
dt-12537b84df9046a1a6f633d4d81342a1-master-3f222fcf439a-0:86:5434 [7] NCCL INFO Channel 02/0 : 7[7] -> 0[0] via P2P/CUMEM/read
dt-12537b84df9046a1a6f633d4d81342a1-master-3f222fcf439a-0:86:5434 [7] NCCL INFO Channel 04/0 : 7[7] -> 0[0] via P2P/CUMEM/read
dt-12537b84df9046a1a6f633d4d81342a1-master-3f222fcf439a-0:86:5434 [7] NCCL INFO Channel 06/0 : 7[7] -> 0[0] via P2P/CUMEM/read
dt-12537b84df9046a1a6f633d4d81342a1-master-3f222fcf439a-0:86:5434 [7] NCCL INFO Channel 10/0 : 7[7] -> 0[0] v046a1a6f633d4d81342a1-worker-3f222fcf439a-0:84:5377 [7] NCCL INFO Channel 04/0 : 15[7] -> 8[0] via P2P/CUMEM/read
dt-12537b84df9046a1a6f633d4d81342a1-worker-3f222fcf439a-0:84:5377 [7] NCCL INFO Channel 06/0 : 15[7] -> 8[0] via P2P/CUMEM/read
dt-12537b84df9046a1a6f633d4d81342a1-worker-3f222fcf439a-0:84:5377 [7] NCCL INFO Channel 10/0 : 15[7] -> 8[0] via P2P/CUMEM/read
dt-12537b84df9046a1a6f633d4d81342a1-worker-3f222fcf439a-0:84:5377 [7] NCCL INFO Channel 12/0 : 15[7] -> 8[0] via P2P/CUMEM/read
dt-12537b84df9046a1a6f633d4d81342a1-worker-3f222fcf439a-0:84:5377 [7] NCCL INFO Channel 14/0 : 15[7] -> 8[0] via P2P/CUMEM/read
dt-12537b84df9046a1a6f633d4d81342a1-worker-3f222fcf439a-0:84:5377 [7] NCCL INFO dt-12537b84df9046a1a6f633d4d81342a1-worker-3f222fcf439a-0:82:5382 [5] NCCL INFO Channel 01/0 : 13[5] -> 12[4] via P2P/CUMEM/read
dt-12537b84df9046a1a6f633d4d81342a1-worker-3f222fcf439a-0:82:5382 [5] NCCL INFO Channel 03/0 : 13[5] -> 12[4] via P2P/CUMEM/read
dt-12537b84df9046a1a6f633d4d81342a1-worker-3f222fcf439a-0:82:5382 [5] NCCL INFO Channel 04/0 : 13[5] -> 12[4] via P2P/CUMEM/read
dt-12537b84df9046a1a6f633d4d81342a1-worker-3f222fcf439a-0:82:5382 [5] NCCL INFO Channel 05/0 : 13[5] -> 12[4] via P2P/CUMEM/read
dt-12537b84df9046a1a6f633d4d81342a1-worker-3f222fcf439a-0:82:5382 [5] NCCL INFO Channel 07/0 : 13[5] -> 12[4] via P2P/CUMEM/read
dt-12537b84df9046a1a6f633d4d81342a1-worker-3f222fcf439a-0:82:5382 [5] NCCL INFO Channel 09/0 : 13[5] -> 12[4] via P2P/CUMEM/read
dt-12537b84df9046a1a6f633d4d81342a1-worker-3f222fcf439adt-12537b84df9046a1a6f633d4d81342a1-worker-3f222fcf439a-0:78:5384 [1] NCCL INFO Connected all trees
dt-12537b84df9046a1a6f633d4d81342a1-worker-3f222fcf439a-0:78:5384 [1] NCCL INFO threadThresholds 8/8/64 | 128/8/64 | 512 | 512
dt-12537b84df9046a1a6f633d4d81342a1-worker-3f222fcf439a-0:78:5384 [1] NCCL INFO 16 coll channels, 0 collnet channels, 0 nvls channels, 16 p2p channels, 2 p2p channels per peer
dt-12537b84df9046a1a6f633d4d81342a1-worker-3f222fcf439a-0:78:5384 [1] NCCL INFO comm 0x7edf8c163b40 rank 9 nranks 16 cudaDev 1 nvmlDev 1 busId 16000 commId 0x7fd9f5ab9c4a318d - Init COMPLETE
dt-12537b84df9046a1a6f633d4d81342a1-worker-3f222fcf439a-0:78:5415 [1] NCCL INFO Using non-device net plugin version 0
dt-12537b84df9046a1a6f633d4d81342a1-worker-3f222fcf439a-0:78:5415 [1] NCCL INFO Using network IB
dt-12537b84df9046a1a6f633d4d81342a1-worker-3f222fcf439a-0:78:5415 [1] NCCL INFO bootstrapSplit: comm 0x7edf8c178ef0 parent 0x5651467cf340 rank 4 nranks 8 color 1619040323 key 4 prev 7 next 11 - DONE
dt-12537b84df9046a1a6f633d4d81342a1-worker-3f222fcf439a-0:78:5415 [1] NCCL INFO comm 0x7edf8c178ef0 rank 4 nranks 8 cudaDev 1 nvmlDev 1 busId 16000 commId 0x2a301e5148e21869 - Init START
dt-12537b84df9046a1a6f633d4d81342a1-worker-3f222fcf439a-0:78:5415 [1] NCCL INFO Setting affinity for GPU 1 to 0fffff,ff000000,0fffffff
dt-12537b84df9046a1a6f633d4d81342a1-worker-3f222fcf439a-0:78:5415 [1] NCCL INFO NVLS multicast support is not available on dev 1
dt-12537b84df9046a1a6f633d4d81342a1-worker-3f222fcf439a-0:78:5415 [1] NCCL INFO comm 0x7edf8c178ef0 rank 4 nRanks 8 nNodes 2 localRanks 4 localRank 0 MNNVL 0
dt-12537b84df9046a1a6f633d4d81342a1-worker-3f222fcf439a-0:78:5415 [1] NCCL INFO Trees [0] 5/-1/-1->4->0 [1] 7/-1/-1->4->5 [2] 5/-1/-1->4->7 [3] -1/-1/-1->4->5 [4] 5/0/-1->4->-1 [5] 7/-1/-1->4->5 [6] 5/-1/-1->4->7 [7] -1/-1/-1->4->5
dt-12537b84df9046a1a6f633d4d81342a1-worker-3f222fcf439a-0:78:5415 [1] NCCL INFO P2P Chunksize set to 131072
dt-12537b84df9046a1a6f633d4d81342a1-worker-3f222fcf439a-0:78:5415 [1] NCCL INFO Channel 02/0 : 4[1] -> 5[3] via P2P/CUMEM/read
dt-12537b84df9046a1a6f633d4d81342a1-worker-3f222fcf439a-0:78:5415 [1] NCCL INFO Channel 06/0 : 4[1] -> 5[3] via P2P/CUMEM/read
dt-12537b84df9046a1a6f633d4d81342a1-worker-3f222fcf439a-0:78:5415 [1] NCCL INFO Channel 01/0 : 4[1] -> 7[7] via P2P/CUMEM/read
dt-12537dt-12537b84df9046a1a6f633d4d81342a1-worker-3f222fcf439a-0:84:5413 [7] NCCL INFO Channel 02/0 : 3[7] -> 7[7] [receive] via NET/IB/2/GDRDMA
dt-12537b84df9046a1a6f633d4d81342a1-worker-3f222fcf439a-0:84:5413 [7] NCCL INFO Channel 06/0 : 3[7] -> 7[7] [receive] via NET/IB/2/GDRDMA
dt-12537b84df9046a1a6f633d4d81342a1-worker-3f222fcf439a-0:84:5413 [7] NCCL INFO Channel 03/0 : 7[7] -> 3[7] [send] via NET/IB/2/GDRDMA
dt-12537b84df9046a1a6f633d4d81342a1-worker-3f222fcf439a-0:84:5413 [7] NCCL INFO Channel 07/0 : 7[7] -> 3[7] [send] via NET/IB/2/GDRDMA
dt-12537b84df9046a1a6f633d4d81342a1-worker-3f222fcf439a-0:84:5413 [7] NCCL INFO Channel 00/0 : 7[7] -> 4[1] via P2P/CUMEM/read
dt-12537b84df9046a1a6f633d4d81342a1-worker-3f222fcf439a-0:84:5413 [7] NCCL INFO Channel 02/0 : 7[7] -> 4[1] via P2P/CUMEM/read
dt-12537b84df9046a1a6f633d4d81342a1-worker-3f222fcf439a-0:84:5413 [7] NCCL INFO Channel 04/0 : 7[7] -> 4[1] via P2P/CUMdt-12537b84df9046a1a6f633d4d81342a1-worker-3f222fcf439a-0:78:5415 [1] NCCL INFO Connected all rings
dt-12537b84df9046a1a6f633d4d81342a1-worker-3f222fcf439a-0:78:5415 [1] NCCL INFO Channel 00/0 : 4[1] -> 5[3] via P2P/CUMEM/read
dt-12537b84df9046a1a6f633d4d81342a1-worker-3f222fcf439a-0:78:5415 [1] NCCL INFO Channel 01/0 : 4[1] -> 5[3] via P2P/CUMEM/read
dt-12537b84df9046a1a6f633d4d81342a1-worker-3f222fcf439a-0:78:5415 [1] NCCL INFO Channel 03/0 : 4[1] -> 5[3] via P2P/CUMEM/read
dt-12537dt-12537b84df9046a1a6f633d4d81342a1-worker-3f222fcf439a-0:84:5413 [7] NCCL INFO Channel 03/0 : 3[7] -> 7[7] [receive] via NET/IB/2/GDRDMA
dt-12537b84df9046a1a6f633d4d81342a1-worker-3f222fcf439a-0:84:5413 [7] NCCL INFO Channel 07/0 : 3[7] -> 7[7] [receive] via NET/IB/2/GDRDMA
dt-12537b84df9046a1a6f633d4d81342a1-worker-3f222fcf439a-0:84:5413 [7] NCCL INFO Channel 01/0 : 7[7] -> 4[1] via P2P/CUMEM/read
dt-12537b84df9046a1a6f633d4d81342a1-worker-3f222fcf439a-0:84:5413 [7] NCCL INFO Channel 05/0 : 7[7] -> 4[1] via P2P/CUMEM/read
dt-12537b84df9046a1a6f633d4d81342a1-worker-3f222fcf439a-0:84:5413 [7] NCCL INFO Channel 00/0 : 7[7] -> 6[5] via P2P/CUMEM/read
dt-12537b84df9046a1a6f633d4d81342a1-worker-3f222fcf439a-0:84:5413 [7] NCCL INFO Channel 02/0 : 7[7] -> 6[5] via P2P/CUMEM/read
dt-12537b84df9046a1a6f633d4d81342a1-worker-3f222fcf439a-0:84:5413 [7] NCCL INFO Channel 03/0 : 7[7] -> 6[5] via P2P/CUMdt-12537b84df9046a1a6f633d4d81342a1-worker-3f222fcf439a-0:78:5415 [1] NCCL INFO Connected all trees
dt-12537b84df9046a1a6f633d4d81342a1-worker-3f222fcf439a-0:78:5415 [1] NCCL INFO threadThresholds 8/8/64 | 64/8/64 | 512 | 512
dt-12537b84df9046a1a6f633d4d81342a1-worker-3f222fcf439a-0:78:5415 [1] NCCL INFO 8 coll channels, 0 collnet channels, 0 nvls channels, 8 p2p channels, 2 p2p channels per peer
dt-12537b84df9046a1a6f633d4d81342a1-worker-3f222fcf439a-0:78:5415 [1] NCCL INFO comm 0x7edf8c178ef0 rank 4 nranks 8 cudaDev 1 nvmlDev 1 busId 16000 commId 0x2a301e5148e21869 - Init COMPLETE
dt-12537b84df9046a1a6f633d4d81342a1-worker-3f222fcf439a-0:78:5451 [1] NCCL INFO Using non-device net plugin version 0
dt-12537b84df9046a1a6f633d4d81342a1-worker-3f222fcf439a-0:78:5451 [1] NCCL INFO Using network IB
dt-12537b84df9046a1a6f633d4d81342a1-worker-3f222fcf439a-0:78:5451 [1] NCCL INFO bootstrapSplit: comm 0x5651721925d0 parent 0x5651467cf340 rank 0 nranks 1 color -1780184932 key 0 prev 9 next 9 - DONE
dt-12537b84df9046a1a6f633d4d81342a1-worker-3f222fcf439a-0:78:5451 [1] NCCL INFO comm 0x5651721925d0 rank 0 nranks 1 cudaDev 1 nvmlDev 1 busId 16000 commId 0x5d6e43fb6724ca5 - Init START
dt-12537b84df9046a1a6f633d4d81342a1-worker-3f222fcf439a-0:78:5451 [1] NCCL INFO Setting affinity for GPU 1 to 0fffff,ff000000,0fffffff
dt-12537b84df9046a1a6f633d4d81342a1-worker-3f222fcf439a-0:78:5451 [1] NCCL INFO comm 0x5651721925d0 rank 0 nRanks 1 nNodes 1 localRanks 1 localRank 0 MNNVL 0
dt-12537b84df9046a1a6f633d4d81342a1-worker-3f222fcf439a-0:78:5451 [1] NCCL INFO Channel 00/32 :  dt-12537b84df9046a1a6f633d4d81342a1-worker-3f222fcf439a-0:84:5456 [7] NCCL INFO Setting affinity for GPU 7 to ffff,fff00000,00ffffff,f0000000
dt-12537b84df9046a1a6f633d4d81342a1-worker-3f222fcf439a-0:84:5456 [7] NCCL INFO comm 0x5632c4d78190 rank 0 nRanks 1 nNodes 1 localRanks 1 localRank 0 MNNVL 0
dt-12537b84df9046a1a6f633d4d81342a1-worker-3f222fcf439a-0:84:5456 [7] NCCL INFO Channel 00/32 :    0
dt-12537b84df9046a1a6f633d4d81342a1-worker-3f222fcf439a-0:84:5456 [7] NCCL INFO Channel 01/32 :    0
dt-12537b84df9046a1a6f633d4d81342a1-worker-3f222fcf439a-0:84:5456 [7] NCCL INFO Channel 02/32 :    0
dt-12537b84df9046a1a6f633d4d81342a1-worker-3f222fcf439a-0:84:5456 [7] NCCL INFO Channel 03/32 :    0
dt-12537b84df9046a1a6f633d4d81342a1-worker-3f222fcf439a-0:84:5456 [7] NCCL INFO Channel 04/32 :    0
dt-12537b84df9046a1a6f633d4d81342a1-worker-3f222fcf439a-0:84:5456 [7] NCCL INFO Channel 05/32 :    0
dt-12537b84df9046a1a6f633d4d81342a1-worker-3f222fcf439a-0:84:5456 [7] NCCL INFO Channel 06/32 :    0
dt-12537b84df9046a1a6f633d4d81342a1-worker-3f222fcf439a-0:84:5456 [7] NCCL INFO Channel 07/32 :    0
dt-12537b84df9046a1a6f633d4d81342a1-worker-3f222fcf439a-0:84:5456 [7] NCCL INFO Channel 08/32 :    0
dt-12537b84df9046a1a6f633d4d81342a1-worker-3f222fcf439a-0:84:5456 [7] NCCL INFO Channel 09/32 :    0
dt-12537b84df9046a1a6f633d4d81342a1-worker-3f222fcf439a-0:84:5456 [7] NCCL INFO Channel 10/32 :    0
dt-12537b84df9046a1a6f633d4d81342a1-worker-3f222fcf439a-0:84:5456 [7] NCCL INFO Channel 11/32 :    0
dt-12537b84df9046a1a6f633d4d81342a1-worker-3f222fcf439a-0:84:5456 [7] NCCL INFO Channel 12/32 :    0
dt-12537b84df9046a1a6f633d4d81342a1-worker-3f222fcf439a-0:84:5456 [7] NCCL INFO Channel 13/32 :    0
dt-12537b84df9046a1a6f633d4d81342a1-worker-3f222fcf439a-0:84:5456 [7] NCCL INFO Channel 14/32 :    0
dt-12537b84df9046a1a6f633d4d81342a1-worker-3f222fcf439a-0:84:5456 [7] NCCL INFO Channel 15/32 :    0
dt-12537b84df9046a1a6f633d4d81342a1-worker-3f222fcf439a-0:84:5456 [7] NCCL INFO Channel 16/32 :    0
dt-12537b84df9046a1a6f633d4d81342a1-worker-3f222fcf439a-0:84:5456 [7] NCCL INFO Channel 17/32 :    0
dt-12537b84df9046a1a6f633d4d81342a1-worker-3f222fcf439a-0:84:5456 [7] NCCL INFO Channel 18/32 :    0
dt-12537b84df9046a1a6f633d4d81342a1-worker-3f222fcf439a-0:84:5456 [7] NCCL INFO Channel 19/32 :    0
dt-12537b84df9046a1a6f633d4d81342a1-worker-3f222fcf439a-0:84:5456 [7] NCCL INFO Channel 20/32 :    0
dt-12537b84df9046a1a6f633d4d81342a1-worker-3f222fcf439a-0:84:5456 [7] NCCL INFO Channel 21/32 :    0
dt-12537b84df9046a1a6f633d4d81342a1-worker-3f222fcf439a-0:84:5456 [7] NCCL INFO Channel 22/32 :    0
dt-12537b84df9046a1a6f633d4d81342a1-worker-3f222fcf439a-0:84:5456 [7] NCCL INFO Channel 23/32 :    0
dt-12537b84df9046a1a6f633d4d81342a1-worker-3f222fcf439a-0:84:5456 [7] NCCL INFO Channel 24/32 :    0
dt-12537b84df9046a1a6f633d4d81342a1-worker-3f222fcf439a-0:84:5456 [7] NCCL INFO Channel 25/32 :    0
dt-12537b84df9046a1a6f633d4d81342a1-worker-3f222fcf439a-0:84:5456 [7] NCCL INFO Channel 26/32 :    0
dt-12537b84df9046a1a6f633d4d81342a1-worker-3f222fcf439a-0:84:5456 [7] NCCL INFO Channel 27/32 :    0
dt-12537b84df9046a1a6f633d4d81342a1-worker-3f222fcf439a-0:84:5456 [7] NCCL INFO Channel 28/32 :    0
dt-12537b84df9046a1a6f633d4d81342a1-worker-3f222fcf439a-0:84:5456 [7] NCCL INFO Channel 29/32 :    0
dt-12537b84df9046a1a6f633d4d81342a1-worker-3f222fcf439a-0:84:5456 [7] NCCL INFO Channel 30/32 :    0
dt-12537b84df9046a1a6f633d4d81342a1-worker-3f222fcf439a-0:84:5456 [7] NCCL INFO Channel 31/32 :    0
dt-12537b84df9046a1a6f633d4d81342a1-worker-3f222fcf439a-0:84:5456 [7] NCCL INFO Trees [0] -1/-1/-1->0->-1 [1] -1/-1/-1->0->-1 [2] -1/-1/-1->0->-1 [3] -1/-1/-1->0->-1 [4] -1/-1/-1->0->-1 [5] -1/-1/-1->0->-1 [6] -1/-1/-1->0->-1 [7] -1/-1/-1->0->-1 [8] -1/-1/-1->0->-1 [9] -1/-1/-1->0->-1 [10] -1/-1/-1->0->-1 [11] -1/-1/-1->0->-1 [12] -1/-1/-1->0->-1 [13] -1/-1/-1->0->-1 [14] -1/-1/-1->0->-1 [15] -1/-1/-1->0->-1 [16] -1/-1/-1->0->-1 [17] -1/-1/-1->0->-1 [18] dt-12537b84df9046a1a6f633d4d81342a1-worker-3f222fcf439a-0:78:5451 [1] NCCL INFO Connected all rings
dt-12537b84df9046a1a6f633d4d81342a1-worker-3f222fcf439a-0:78:5451 [1] NCCL INFO Connected all trees
dt-12537b84df9046a1a6f633d4d81342a1-worker-3f222fcf439a-0:78:5451 [1] NCCL INFO 32 coll channels, 0 collnet channels, 0 nvls channels, 32 p2p channels, 32 p2p channels per peer
dt-12537b84df9046a1a6f633d4d81342a1-worker-3f222fcf439a-0:78:5451 [1] NCCL INFO comm 0x5651721925d0 rank 0 nranks 1 cudaDev 1 nvmlDev 1 busId 16000 commId 0x5d6e43fb6724ca5 - Init COMPLETE
 NCCL INFO Connected all trees
dt-12537b84df9046a1a6f633d4d81342a1-worker-3f222fcf439a-0:84:5456 [7] NCCL INFO 32 coll channels, 0 collnet channels, 0 nvls channels, 32 p2p channels, 32 p2p channels per peer
dt-12537b84df9046a1a6f633d4d81342a1-worker-3f222fcf439a-0:84:5456 [7] NCCL INFO comm 0x5632c4d78190 rank 0 nranks 1 cudaDev 7 nvmlDev 7 busId d4000 commId 0x88b40bc7d3e7f31d - Init COMPLETE

dt-12537b84df9046a1a6f633d4d81342a1-worker-3f222fcf439a-0:84:5436 [7] transport/net_ib.cc:1698 NCCL WARN NET/IB : Got completion from peer 10.222.52.125<49440> with status=12 opcode=2 len=1 vendor err 129 (Recv)

dt-12537b84df9046a1a6f633d4d81342a1-worker-3f222fcf439a-0:84:5407 [7] transport/net_ib.cc:1698 NCCL WARN NET/IB : Got completion from peer 10.222.52.125<45180> with status=12 opcode=2 len=1 vendor err 129 (Recv)
dt-12537b84df9046a1a6f633d4d81342a1-worker-3f222fcf439a-0:84:5407 [7] NCCL INFO transport/net.cc:1298 -> 6
dt-12537b84df9046a1a6f633d4d81342a1-worker-3f222fcf439a-0:84:5436 [7] NCCL INFO transport/net.cc:1298 -> 6
dt-12537b84df9046a1a6f633d4d81342a1-worker-3f222fcf439a-0:84:5407 [7] NCCL INFO proxy.cc:694 -> 6
dt-12537b84df9046a1a6f633d4d81342a1-worker-3f222fcf439a-0:84:5436 [7] NCCL INFO proxy.cc:694 -> 6
dt-12537b84df9046a1a6f633d4d81342a1-worker-3f222fcf439a-0:84:5436 [7] NCCL INFO proxy.cc:874 -> 6 [Progress Thread]
dt-12537b84df9046a1a6f633d4d81342a1-worker-3f222fcf439a-0:84:5407 [7] NCCL INFO proxy.cc:874 -> 6 [Progress Thread]

dt-12537b84df9046a1a6f633d4d81342a1-worker-3f222fcf439a-0:84:5436 [7] transport/net_ib.cc:1698 NCCL WARN NET/IB : Got completion from peer 10.222.52.125<40840> with status=12 opcode=2 len=7 vendor err 129 (Recv)
dt-12537b84df9046a1a6f633d4d81342a1-worker-3f222fcf439a-0:84:5436 [7] NCCL INFO transport/net.cc:1298 -> 6
dt-12537b84df9046a1a6f633d4d81342a1-worker-3f222fcf439a-0:84:5436 [7] NCCL INFO proxy.cc:694 -> 6
dt-12537b84df9046a1a6f633d4d81342a1-worker-3f222fcf439a-0:84:5436 [7] NCCL INFO proxy.cc:874 -> 6 [Progress Thread]

dt-12537b84df9046a1a6f633d4d81342a1-worker-3f222fcf439a-0:84:5407 [7] transport/net_ib.cc:1698 NCCL WARN NET/IB : Got completion from peer 10.222.52.125<53564> with status=12 opcode=2 len=7 vendor err 129 (Recv)
dt-12537b84df9046a1a6f633d4d81342a1-worker-3f222fcf439a-0:84:5407 [7] NCCL INFO transport/net.cc:1298 -> 6
dt-12537b84df9046a1a6f633d4d81342a1-worker-3f222fcf439a-0:84:5407 [7] NCCL INFO proxy.cc:694 -> 6
dt-12537b84df9046a1a6f633d4d81342a1-worker-3f222fcf439a-0:84:5407 [7] NCCL INFO proxy.cc:874 -> 6 [Progress Thread]

dt-12537b84df9046a1a6f633d4d81342a1-worker-3f222fcf439a-0:84:5407 [7] transport/net_ib.cc:1698 NCCL WARN NET/IB : Got completion from peer 10.222.52.125<45180> with status=5 opcode=2 len=7 vendor err 249 (Recv)
dt-12537b84df9046a1a6f633d4d81342a1-worker-3f222fcf439a-0:84:5407 [7] NCCL INFO transport/net.cc:1298 -> 6
dt-12537b84df9046a1a6f633d4d81342a1-worker-3f222fcf439a-0:84:5407 [7] NCCL INFO proxy.cc:694 -> 6
dt-12537b84df9046a1a6f633d4d81342a1-worker-3f222fcf439a-0:84:5407 [7] NCCL INFO proxy.cc:874 -> 6 [Progress Thread]

dt-12537b84df9046a1a6f633d4d81342a1-worker-3f222fcf439a-0:84:5407 [7] transport/net_ib.cc:1698 NCCL WARN NET/IB : Got completion from peer 10.222.52.125<45180> with status=5 opcode=2 len=7 vendor err 249 (Recv)
dt-12537b84df9046a1a6f633d4d81342a1-worker-3f222fcf439a-0:84:5407 [7] NCCL INFO transport/net.cc:1298 -> 6
dt-12537b84df9046a1a6f633d4d81342a1-worker-3f222fcf439a-0:84:5407 [7] NCCL INFO proxy.cc:694 -> 6

dt-12537b84df9046a1a6f633d4d81342a1-worker-3f222fcf439a-0:84:5436 [7] transport/net_ib.cc:1698 NCCL WARN NET/IB : Got completion from peer 10.222.52.125<49440> with status=5 opcode=2 len=7 vendor err 249 (Recv)

dt-12537b84df9046a1a6f633d4d81342a1-worker-3f222fcf439a-0:79:5437 [2] transport/net_ib.cc:1698 NCCL WARN NET/IB : Got completion from peer 10.222.52.125<60568> with status=12 opcode=2 len=1 vendor err 129 (Recv)
dt-12537b84df9046a1a6f633d4d81342a1-worker-3f222fcf439a-0:79:5437 [2] NCCL INFO transport/net.cc:1298 -> 6
dt-12537b84df9046a1a6f633d4d81342a1-worker-3f222fcf439a-0:79:5437 [2] NCCL INFO proxy.cc:694 -> 6

dt-12537b84df9046a1a6f633d4d81342a1-worker-3f222fcf439a-0:79:5406 [2] transport/net_ib.cc:1698 NCCL WARN NET/IB : Got completion from peer 10.222.52.125<43294> with status=12 opcode=2 len=1 vendor err 129 (Recv)
dt-12537b84df9046a1a6f633d4d81342a1-worker-3f222fcf439a-0:79:5406 [2] NCCL INFO transport/net.cc:1298 -> 6
dt-12537b84df9046a1a6f633d4d81342a1-worker-3f222fcf439a-0:79:5437 [2] NCCL INFO proxy.cc:874 -> 6 [Progress Thread]
dt-12537b84df9046a1a6f633d4d81342a1-worker-3f222fcf439a-0:79:5406 [2] NCCL INFO proxy.cc:694 -> 6
dt-12537b84df9046a1a6f633d4d81342a1-worker-3f222fcf439a-0:79:5406 [2] NCCL INFO proxy.cc:874 -> 6 [Progress Thread]

dt-12537b84df9046a1a6f633d4d81342a1-worker-3f222fcf439a-0:79:5437 [2] transport/net_ib.cc:1698 NCCL WARN NET/IB : Got completion from peer 10.222.52.125<35626> with status=12 opcode=2 len=2 vendor err 129 (Recv)
dt-12537b84df9046a1a6f633d4d81342a1-worker-3f222fcf439a-0:79:5437 [2] NCCL INFO transport/net.cc:1298 -> 6
dt-12537b84df9046a1a6f633d4d81342a1-worker-3f222fcf439a-0:79:5437 [2] NCCL INFO proxy.cc:694 -> 6
dt-12537b84df9046a1a6f633d4d81342a1-worker-3f222fcf439a-0:79:5437 [2] NCCL INFO proxy.cc:874 -> 6 [Progress Thread]

dt-12537b84df9046a1a6f633d4d81342a1-worker-3f222fcf439a-0:79:5406 [2] transport/net_ib.cc:1698 NCCL WARN NET/IB : Got completion from peer 10.222.52.125<46632> with status=12 opcode=2 len=2 vendor err 129 (Recv)
dt-12537b84df9046a1a6f633d4d81342a1-worker-3f222fcf439a-0:79:5406 [2] NCCL INFO transport/net.cc:1298 -> 6
dt-12537b84df9046a1a6f633d4d81342a1-worker-3f222fcf439a-0:79:5406 [2] NCCL INFO proxy.cc:694 -> 6
dt-12537b84df9046a1a6f633d4d81342a1-worker-3f222fcf439a-0:79:5406 [2] NCCL INFO proxy.cc:874 -> 6 [Progress Thread]

dt-12537b84df9046a1a6f633d4d81342a1-worker-3f222fcf439a-0:79:5406 [2] transport/net_ib.cc:1698 NCCL WARN NET/IB : Got completion from peer 10.222.52.125<43294> with status=5 opcode=2 len=2 vendor err 249 (Recv)
dt-12537b84df9046a1a6f633d4d81342a1-worker-3f222fcf439a-0:79:5406 [2] NCCL INFO transport/net.cc:1298 -> 6
dt-12537b84df9046a1a6f633d4d81342a1-worker-3f222fcf439a-0:79:5406 [2] NCCL INFO proxy.cc:694 -> 6
dt-12537b84df9046a1a6f633d4d81342a1-worker-3f222fcf439a-0:79:5406 [2] NCCL INFO proxy.cc:874 -> 6 [Progress Thread]

dt-12537b84df9046a1a6f633d4d81342a1-worker-3f222fcf439a-0:79:5406 [2] transport/net_ib.cc:1698 NCCL WARN NET/IB : Got completion from peer 10.222.52.125<43294> with status=5 opcode=2 len=2 vendor err 249 (Recv)
dt-12537b84df9046a1a6f633d4d81342a1-worker-3f222fcf439a-0:79:5406 [2] NCCL INFO transport/net.cc:1298 -> 6
dt-12537b84df9046a1a6f633d4d81342a1-worker-3f222fcf439a-0:79:5406 [2] NCCL INFO proxy.cc:694 -> 6
dt-12537b84df9046a1a6f633d4d81342a1-worker-3f222fcf439a-0:79:5406 [2] NCCL INFO proxy.cc:874 -> 6 [Progress Thread]

dt-12537b84df9046a1a6f633d4d81342a1-worker-3f222fcf439a-0:79:5437 [2] transport/net_ib.cc:1698 NCCL WARN NET/IB : Got completion from peer 10.222.52.125<35626> with status=5 opcode=2 len=2 vendor err 249 (Recv)
dt-12537b84df9046a1a6f633d4d81342a1-worker-3f222fcf439a-0:79:5437 [2] NCCL INFO transport/net.cc:1298 -> 6
dt-12537b84df9046a1a6f633d4d81342a1-worker-3f222fcf439a-0:79:5437 [2] NCCL INFO proxy.cc:694 -> 6
dt-12537b84df9046a1a6f633d4d81342a1-worker-3f222fcf439a-0:79:5437 [2] NCCL INFO proxy.cc:874 -> 6 [Progress Thread]

dt-12537b84df9046a1a6f633d4d81342a1-worker-3f222fcf439a-0:79:5437 [2] transport/net_ib.cc:1698 NCCL WARN NET/IB : Got completion from peer 10.222.52.125<35626> with status=5 opcode=2 len=2 vendor err 249 (Recv)
dt-12537b84df9046a1a6f633d4d81342a1-worker-3f222fcf439a-0:79:5437 [2] NCCL INFO transport/net.cc:1298 -> 6
dt-12537b84df9046a1a6f633d4d81342a1-worker-3f222fcf439a-0:79:5437 [2] NCCL INFO proxy.cc:694 -> 6
dt-12537b84df9046a1a6f633d4d81342a1-worker-3f222fcf439a-0:79:5437 [2] NCCL INFO proxy.cc:874 -> 6 [Progress Thread]

dt-12537b84df9046a1a6f633d4d81342a1-worker-3f222fcf439a-0:79:5406 [2] transport/net_ib.cc:1698 NCCL WARN NET/IB : Got completion from peer 10.222.52.125<43294> with status=5 opcode=2 len=2 vendor err 249 (Recv)
dt-12537b84df9046a1a6f633d4d81342a1-worker-3f222fcf439a-0:79:5406 [2] NCCL INFO transport/net.cc:1298 -> 6
dt-12537b84df9046a1a6f633d4d81342a1-worker-3f222fcf439a-0:79:5406 [2] NCCL INFO proxy.cc:694 -> 6
dt-12537b84df9046a1a6f633d4d81342a1-worker-3f222fcf439a-0:79:5406 [2] NCCL INFO proxy.cc:874 -> 6 [Progress Thread]

dt-12537b84df9046a1a6f633d4d81342a1-worker-3f222fcf439a-0:79:5437 [2] transport/net_ib.cc:1698 NCCL WARN NET/IB : Got completion from peer 10.222.52.125<35626> with status=5 opcode=2 len=2 vendor err 249 (Recv)
dt-12537b84df9046a1a6f633d4d81342a1-worker-3f222fcf439a-0:79:5437 [2] NCCL INFO transport/net.cc:1298 -> 6
dt-12537b84df9046a1a6f633d4d81342a1-worker-3f222fcf439a-0:79:5437 [2] NCCL INFO proxy.cc:694 -> 6

dt-12537b84df9046a1a6f633d4d81342a1-worker-3f222fcf439a-0:79:5406 [2] transport/net_ib.cc:1698 NCCL WARN NET/IB : Got completion from peer 10.222.52.125<46632> with status=5 opcode=2 len=2 vendor err 249 (Recv)
dt-12537b84df9046a1a6f633d4d81342a1-worker-3f222fcf439a-0:79:5406 [2] NCCL INFO transport/net.cc:1298 -> 6
dt-12537b84df9046a1a6f633d4d81342a1-worker-3f222fcf439a-0:79:5406 [2] NCCL INFO proxy.cc:694 -> 6
dt-12537b84df9046a1a6f633d4d81342a1-worker-3f222fcf439a-0:79:5406 [2] NCCL INFO proxy.cc:874 -> 6 [Progress Thread]
dt-12537b84df9046a1a6f633d4d81342a1-worker-3f222fcf439a-0:79:5437 [2] NCCL INFO proxy.cc:874 -> 6 [Progress Thread]

dt-12537b84df9046a1a6f633d4d81342a1-worker-3f222fcf439a-0:79:5406 [2] transport/net_ib.cc:1698 NCCL WARN NET/IB : Got completion from peer 10.222.52.125<46632> with status=5 opcode=2 len=2 vendor err 249 (Recv)
dt-12537b84df9046a1a6f633d4d81342a1-worker-3f222fcf439a-0:79:5406 [2] NCCL INFO transport/net.cc:1298 -> 6

dt-12537b84df9046a1a6f633d4d81342a1-worker-3f222fcf439a-0:79:5437 [2] transport/net_ib.cc:1698 NCCL WARN NET/IB : Got completion from peer 10.222.52.125<60568> with status=5 opcode=2 len=2 vendor err 249 (Recv)
dt-12537b84df9046a1a6f633d4d81342a1-worker-3f222fcf439a-0:79:5437 [2] NCCL INFO transport/net.cc:1298 -> 6
dt-12537b84df9046a1a6f633d4d81342a1-worker-3f222fcf439a-0:79:5437 [2] NCCL INFO proxy.cc:694 -> 6
dt-12537b84df9046a1a6f633d4d81342a1-worker-3f222fcf439a-0:79:5437 [2] NCCL INFO proxy.cc:874 -> 6 [Progress Thread]
dt-12537b84df9046a1a6f633d4d81342a1-worker-3f222fcf439a-0:79:5406 [2] NCCL INFO proxy.cc:694 -> 6
dt-12537b84df9046a1a6f633d4d81342a1-worker-3f222fcf439a-0:79:5406 [2] NCCL INFO proxy.cc:874 -> 6 [Progress Thread]

dt-12537b84df9046a1a6f633d4d81342a1-worker-3f222fcf439a-0:79:5437 [2] transport/net_ib.cc:1698 NCCL WARN NET/IB : Got completion from peer 10.222.52.125<35626> with status=5 opcode=2 len=2 vendor err 244 (Recv)
dt-12537b84df9046a1a6f633d4d81342a1-worker-3f222fcf439a-0:79:5437 [2] NCCL INFO transport/net.cc:1298 -> 6
dt-12537b84df9046a1a6f633d4d81342a1-worker-3f222fcf439a-0:79:5437 [2] NCCL INFO proxy.cc:694 -> 6
dt-12537b84df9046a1a6f633d4d81342a1-worker-3f222fcf439a-0:79:5437 [2] NCCL INFO proxy.cc:874 -> 6 [Progress Thread]

dt-12537b84df9046a1a6f633d4d81342a1-worker-3f222fcf439a-0:79:5406 [2] transport/net_ib.cc:1698 NCCL WARN NET/IB : Got completion from peer 10.222.52.125<43294> with status=5 opcode=2 len=2 vendor err 244 (Recv)
dt-12537b84df9046a1a6f633d4d81342a1-worker-3f222fcf439a-0:79:5406 [2] NCCL INFO transport/net.cc:1298 -> 6
dt-12537b84df9046a1a6f633d4d81342a1-worker-3f222fcf439a-0:79:5406 [2] NCCL INFO proxy.cc:694 -> 6
dt-12537b84df9046a1a6f633d4d81342a1-worker-3f222fcf439a-0:79:5406 [2] NCCL INFO proxy.cc:874 -> 6 [Progress Thread]

dt-12537b84df9046a1a6f633d4d81342a1-worker-3f222fcf439a-0:79:5437 [2] transport/net_ib.cc:1698 NCCL WARN NET/IB : Got completion from peer 10.222.52.125<60568> with status=5 opcode=2 len=2 vendor err 244 (Recv)
dt-12537b84df9046a1a6f633d4d81342a1-worker-3f222fcf439a-0:79:5437 [2] NCCL INFO transport/net.cc:1298 -> 6
dt-12537b84df9046a1a6f633d4d81342a1-worker-3f222fcf439a-0:79:5437 [2] NCCL INFO proxy.cc:694 -> 6
dt-12537b84df9046a1a6f633d4d81342a1-worker-3f222fcf439a-0:79:5437 [2] NCCL INFO proxy.cc:874 -> 6 [Progress Thread]

dt-12537b84df9046a1a6f633d4d81342a1-worker-3f222fcf439a-0:79:5406 [2] transport/net_ib.cc:1698 NCCL WARN NET/IB : Got completion from peer 10.222.52.125<46632> with status=5 opcode=2 len=2 vendor err 244 (Recv)
dt-12537b84df9046a1a6f633d4d81342a1-worker-3f222fcf439a-0:79:5406 [2] NCCL INFO transport/net.cc:1298 -> 6
dt-12537b84df9046a1a6f633d4d81342a1-worker-3f222fcf439a-0:79:5406 [2] NCCL INFO proxy.cc:694 -> 6
dt-12537b84df9046a1a6f633d4d81342a1-worker-3f222fcf439a-0:79:5406 [2] NCCL INFO proxy.cc:874 -> 6 [Progress Thread]

dt-12537b84df9046a1a6f633d4d8dt-12537b84df9046a1a6f633d4d81342a1-worker-3f222fcf439a-0:84:5418 [7] NCCL INFO [Service thread] Connection closed by localRank 3
dt-12537b84df9046a1a6f633d4d81342a1-worker-3f222fcf439a-0:84:2066 [7] NCCL INFO comm 0x7f211fe3d060 rank 7 nranks 8 cudaDev 7 busId d4000 - Abort COMPLETE
> 6
dt-12537b84df9046a1a6f633d4d81342a1-worker-3f222fcf439a-0:79:5437 [2] NCCL INFO proxy.cc:694 -> 6
dt-12537b84df9046a1a6f633d4d81342a1-worker-3f222fcf439a-0:79:5437 [2] NCCL INFO proxy.cc:874 -> 6 [Progress Thread]

dt-12537b84df9046a1a6f633d4d81342a1-worker-3f222fcf439a-0:79:5406 [2] transport/net_ib.cc:1698 NCCL WARN NET/IB : Got completion from peer 10.222.52.125<43294> with status=5 opcode=2 len=2 vendor err 249 (Recv)
dt-12537b84df9046a1a6f633d4d81342a1-worker-3f222fcf439a-0:79:5406 [2] NCCL INFO transport/net.cc:1298 -> 6
dt-12537b84df9046a1a6f633d4d81342a1-worker-3f222fcf439a-0:79:5406 [2] NCCL INFO proxy.cc:694 -> 6
dt-12537b84df9046a1a6f633d4d81342a1-worker-3f222fcf439a-0:79:5406 [2] NCCL INFO proxy.cc:874 -> 6 [Progress Thread]

dt-12537b84df9046a1a6f633d4d81342a1-worker-3f222fcf439a-0:79:5437 [2] transport/net_ib.cc:1698 NCCL WARN NET/IB : Got completion from peer 10.222.52.125<60568> with status=5 opcode=2 len=2 vendor err 249 (Recv)
dt-12537b84df9046a1a6f633d4d81342a1-worker-3f222fcf439a-0:79:5437 [2] NCCL INFO transport/net.cc:1298 -> 6
dt-12537b84df9046a1a6f633d4d81342a1-worker-3f222fcf439a-0:79:5437 [2] NCCL INFO proxy.cc:694 -> 6
dt-12537b84df9046a1a6f633d4d81342a1-worker-3f222fcf439a-0:79:5437 [2] NCCL INFO proxy.cc:874 -> 6 [Progress Thread]

dt-12537b84df9046a1a6f633d4d81342a1-worker-3f222fcf439a-0:79:5406 [2] transport/net_ib.cc:1698 NCCL WARN NET/IB : Got completion from peer 10.222.52.125<46632> with status=5 opcode=2 len=2 vendor err 249 (Recv)
dt-12537b84df9046a1a6f633d4d81342a1-worker-3f222fcf439a-0:79:5406 [2] NCCL INFO transport/net.cc:1298 -> 6
dt-12537b84df9046a1a6f633d4d81342a1-worker-3f222fcf439a-0:79:5406 [2] NCCL INFO proxy.cc:694 -> 6
dt-12537b84df9046a1a6f633d4d81342a1-worker-3f222fcf439a-0:79:5406 [2] NCCL INFO proxy.cc:874 -> 6 [Progress Thread]
dt-12537b84df9046a1a6f633d4d81342a1-worker-3f222fcf439a-0:79:5397 [2] NCCL INFO [Service thread] Connection closed by localRank 2
dt-12537b84df9046a1a6f633d4d81342a1-worker-3f222fcf439a-0:79:5429 [2] NCCL INFO [Service thread] Connection closed by localRank 1
Got completion from peer 10.222.52.125<45598> with status=5 opcode=2 len=6 vendor err 249 (Recv)
dt-12537b84df9046a1a6f633d4d81342a1-worker-3f222fcf439a-0:83:5404 [6] NCCL INFO transport/net.cc:1298 -> 6
dt-12537b84df9046a1a6f633d4d81342a1-worker-3f222fcf439a-0:83:5404 [6] NCCL INFO proxy.cc:694 -> 6
dt-12537b84df9046a1a6f633d4d81342a1-worker-3f222fcf439a-0:83:5404 [6] NCCL INFO proxy.cc:874 -> 6 [Progress Thread]

dt-12537b84df9046a1a6f633d4d81342a1-worker-3f222fcf439a-0:83:5440 [6] transport/net_ib.cc:1698 NCCL WARN NET/IB : Got completion from peer 10.222.52.125<38626> with status=5 opcode=2 len=6 vendor err 249 (Recv)
dt-12537b84df9046a1a6f633d4d81342a1-worker-3f222fcf439a-0:83:5440 [6] NCCL INFO transport/net.cc:1298 -> 6
dt-12537b84df9046a1a6f633d4d81342a1-worker-3f222fcf439a-0:83:5440 [6] NCCL INFO proxy.cc:694 -> 6
dt-12537b84df9046a1a6f633d4d81342a1-worker-3f222fcf439a-0:83:5440 [6] NCCL INFO proxy.cc:874 -> 6 [Progress Thread]
dt-12537b84df9046a1a6f633d4d81342a1-worker-3f222fcf439a-0:83:5428 [6] NCCL INFO [Service thread] Connection closed by localRank 3
dt-12537b84df9046a1a6f633d4d81342a1-worker-3f222fcf439a-0:83:5385 [6] NCCL INFO [Service thread] Connection closed by localRank 6
dt-12537b84df9046a1a6f633d4d81342a1-worker-3f222fcf439a-0:83:2041 [6] NCCL INFO comm 0x7f1eebe1d420 rank 7 nranks 8 cudaDev 6 busId d0000 - Abort COMPLETE
